#
# A fatal error has been detected by the Java Runtime Environment:
#
#  SIGSEGV (0xb) at pc=0x0000000121b162d7, pid=63243, tid=0x000000000000d807
#
# JRE version: Java(TM) SE Runtime Environment (8.0_121-b13) (build 1.8.0_121-b13)
# Java VM: Java HotSpot(TM) 64-Bit Server VM (25.121-b13 mixed mode bsd-amd64 compressed oops)
# Problematic frame:
# C  [libawt_lwawt.dylib+0x1c2d7]  OGLSD_SetScratchSurface+0x49
#
# Failed to write core dump. Core dumps have been disabled. To enable core dumping, try "ulimit -c unlimited" before starting Java again
#
# If you would like to submit a bug report, please visit:
#   http://bugreport.java.com/bugreport/crash.jsp
# The crash happened outside the Java Virtual Machine in native code.
# See problematic frame for where to report the bug.
#

---------------  T H R E A D  ---------------

Current thread (0x00007fb18c1dc800):  JavaThread "Java2D Queue Flusher" daemon [_thread_in_native, id=55303, stack(0x0000700003f7c000,0x000070000407c000)]

siginfo: si_signo: 11 (SIGSEGV), si_code: 1 (SEGV_MAPERR), si_addr: 0x0000000000000002

Registers:
RAX=0x00000000ffffffff, RBX=0x0000000000000002, RCX=0x0000000000000047, RDX=0x0000000121b37370
RSP=0x000070000407b6e0, RBP=0x000070000407b700, RSI=0x00007fb18ac66430, RDI=0x00007fb18c1dc9f8
R8 =0x0000000000001e76, R9 =0x0000000000214fd5, R10=0x000000010cd95438, R11=0xffffffff00000000
R12=0x0000000000000000, R13=0x000000010cce973c, R14=0x00007fb18c1dc9f8, R15=0x00007fb18c1dc800
RIP=0x0000000121b162d7, EFLAGS=0x0000000000010202, ERR=0x0000000000000004
  TRAPNO=0x000000000000000e

Top of Stack: (sp=0x000070000407b6e0)
0x000070000407b6e0:   00007fb18ac66430 0000000000000000
0x000070000407b6f0:   00007fb18b142610 00007fb18c1dc800
0x000070000407b700:   000070000407b780 0000000121b36e4e
0x000070000407b710:   000000000407b848 0000000128675d70
0x000070000407b720:   0000000000000000 000000010cce973c
0x000070000407b730:   000070000407b750 0000000000000064
0x000070000407b740:   00007fb18b14e008 00007fb18b142620
0x000070000407b750:   00007fb1001dc800 00007fb18c1dc9f8
0x000070000407b760:   0000000128675d70 0000000000000000
0x000070000407b770:   000070000407b848 00007fb18c1dc800
0x000070000407b780:   000070000407b7d0 000000010cd954aa
0x000070000407b790:   00000007976b0fe8 0000000109b4f494
0x000070000407b7a0:   0000000000000005 00007fb18c1dc800
0x000070000407b7b0:   0000000797610101 00007fb18ae6f8e0
0x000070000407b7c0:   000070000407b700 00007fb18c1dc800
0x000070000407b7d0:   000070000407b9d0 000000010cd9317c
0x000070000407b7e0:   000070000407b848 00007fb18c1dc800
0x000070000407b7f0:   000070000407b840 000000010ccf47e8
0x000070000407b800:   00000007976101b8 000000010ccfc3a8
0x000070000407b810:   000000010b9d9710 0000000000000001
0x000070000407b820:   0000000000000009 000000010ccfc340
0x000070000407b830:   00000007976b0fe8 0000000000000206
0x000070000407b840:   000070000407b9d0 000000010cce962c
0x000070000407b850:   0000000000000041 000000010ba67a08
0x000070000407b860:   000000010caedb58 000000010cad25d0
0x000070000407b870:   0000000100000000 000070000407b938
0x000070000407b880:   000070000407b8e8 0000000000000000
0x000070000407b890:   0000000000000000 0000000000000000
0x000070000407b8a0:   0000000000000000 0000000100000000
0x000070000407b8b0:   00000000000000dc 0000000000000000
0x000070000407b8c0:   000070000407b960 00007fb18c1dc800
0x000070000407b8d0:   000070000407b938 000000010caedb9a 

Instructions: (pc=0x0000000121b162d7)
0x0000000121b162b7:   c0 e9 82 00 00 00 48 8b 5e 10 48 85 db 75 0e bf
0x0000000121b162c7:   01 00 00 00 48 8d 15 0a 7e 03 00 eb d6 49 89 fe
0x0000000121b162d7:   4c 8b 3b 30 c0 e8 d9 a8 02 00 49 8b 3f 49 89 c4
0x0000000121b162e7:   48 8b 35 d2 03 06 00 30 c0 e8 e5 a9 02 00 48 85 

Register to memory mapping:

RAX=0x00000000ffffffff is an unknown value
RBX=0x0000000000000002 is an unknown value
RCX=0x0000000000000047 is an unknown value
RDX=0x0000000121b37370: Java_sun_java2d_opengl_OGLRenderQueue_flushBuffer+0xb5c in /Library/Java/JavaVirtualMachines/jdk1.8.0_121.jdk/Contents/Home/jre/lib/libawt_lwawt.dylib at 0x0000000121afa000
RSP=0x000070000407b6e0 is pointing into the stack for thread: 0x00007fb18c1dc800
RBP=0x000070000407b700 is pointing into the stack for thread: 0x00007fb18c1dc800
RSI=0x00007fb18ac66430 is an unknown value
RDI=0x00007fb18c1dc9f8 is an unknown value
R8 =0x0000000000001e76 is an unknown value
R9 =0x0000000000214fd5 is an unknown value
R10=0x000000010cd95438 is at entry_point+56 in (nmethod*)0x000000010cd95290
R11=0xffffffff00000000 is an unknown value
R12=0x0000000000000000 is an unknown value
R13=0x000000010cce973c is at entry_point+2812 in (nmethod*)0x000000010cce8890
R14=0x00007fb18c1dc9f8 is an unknown value
R15=0x00007fb18c1dc800 is a thread


Stack: [0x0000700003f7c000,0x000070000407c000],  sp=0x000070000407b6e0,  free space=1021k
Native frames: (J=compiled Java code, j=interpreted, Vv=VM code, C=native code)
C  [libawt_lwawt.dylib+0x1c2d7]  OGLSD_SetScratchSurface+0x49
C  [libawt_lwawt.dylib+0x3ce4e]  Java_sun_java2d_opengl_OGLRenderQueue_flushBuffer+0x63a
J 759  sun.java2d.opengl.OGLRenderQueue.flushBuffer(JI)V (0 bytes) @ 0x000000010cd954aa [0x000000010cd95400+0xaa]
J 753 C1 sun.java2d.opengl.OGLRenderQueue.flushBuffer()V (41 bytes) @ 0x000000010cd9317c [0x000000010cd92f20+0x25c]
J 1445% C1 sun.java2d.opengl.OGLRenderQueue$QueueFlusher.run()V (234 bytes) @ 0x000000010cce962c [0x000000010cce8c40+0x9ec]
v  ~StubRoutines::call_stub
V  [libjvm.dylib+0x2ed9d6]
V  [libjvm.dylib+0x2ee164]
V  [libjvm.dylib+0x2ee310]
V  [libjvm.dylib+0x348a5d]
V  [libjvm.dylib+0x56ab0f]
V  [libjvm.dylib+0x56c1fc]
V  [libjvm.dylib+0x48a5b2]
C  [libsystem_pthread.dylib+0x39af]  _pthread_body+0xb4
C  [libsystem_pthread.dylib+0x38fb]  _pthread_body+0x0
C  [libsystem_pthread.dylib+0x3101]  thread_start+0xd
C  0x0000000000000000

Java frames: (J=compiled Java code, j=interpreted, Vv=VM code)
J 759  sun.java2d.opengl.OGLRenderQueue.flushBuffer(JI)V (0 bytes) @ 0x000000010cd95438 [0x000000010cd95400+0x38]
J 753 C1 sun.java2d.opengl.OGLRenderQueue.flushBuffer()V (41 bytes) @ 0x000000010cd9317c [0x000000010cd92f20+0x25c]
J 1445% C1 sun.java2d.opengl.OGLRenderQueue$QueueFlusher.run()V (234 bytes) @ 0x000000010cce962c [0x000000010cce8c40+0x9ec]
v  ~StubRoutines::call_stub

---------------  P R O C E S S  ---------------

Java Threads: ( => current thread )
  0x00007fb18b185000 JavaThread "AWT-EventQueue-0" [_thread_blocked, id=64515, stack(0x0000700004205000,0x0000700004305000)]
  0x00007fb18c202000 JavaThread "Java2D Disposer" daemon [_thread_blocked, id=57359, stack(0x000070000407f000,0x000070000417f000)]
=>0x00007fb18c1dc800 JavaThread "Java2D Queue Flusher" daemon [_thread_in_native, id=55303, stack(0x0000700003f7c000,0x000070000407c000)]
  0x00007fb18c1ad800 JavaThread "AWT-Shutdown" [_thread_blocked, id=29727, stack(0x0000700003cf0000,0x0000700003df0000)]
  0x00007fb18c831800 JavaThread "AppKit Thread" daemon [_thread_in_native, id=775, stack(0x00007fff56659000,0x00007fff56e59000)]
  0x00007fb18b80b000 JavaThread "Service Thread" daemon [_thread_blocked, id=18691, stack(0x0000700003a67000,0x0000700003b67000)]
  0x00007fb18c037000 JavaThread "C1 CompilerThread2" daemon [_thread_blocked, id=18179, stack(0x0000700003964000,0x0000700003a64000)]
  0x00007fb18c036000 JavaThread "C2 CompilerThread1" daemon [_thread_blocked, id=17667, stack(0x0000700003861000,0x0000700003961000)]
  0x00007fb18c840800 JavaThread "C2 CompilerThread0" daemon [_thread_blocked, id=17155, stack(0x000070000375e000,0x000070000385e000)]
  0x00007fb18b80a000 JavaThread "Signal Dispatcher" daemon [_thread_blocked, id=16643, stack(0x000070000365b000,0x000070000375b000)]
  0x00007fb18b803000 JavaThread "Finalizer" daemon [_thread_blocked, id=12547, stack(0x0000700003558000,0x0000700003658000)]
  0x00007fb18c026000 JavaThread "Reference Handler" daemon [_thread_blocked, id=12035, stack(0x0000700003455000,0x0000700003555000)]
  0x00007fb18c003000 JavaThread "main" [_thread_in_native, id=7171, stack(0x0000700002e43000,0x0000700002f43000)]

Other Threads:
  0x00007fb18c025800 VMThread [stack: 0x0000700003352000,0x0000700003452000] [id=11523]
  0x00007fb18c02b000 WatcherThread [stack: 0x0000700003b6a000,0x0000700003c6a000] [id=19203]

VM state:not at safepoint (normal execution)

VM Mutex/Monitor currently owned by a thread: None

Heap:
 PSYoungGen      total 34816K, used 2741K [0x0000000795580000, 0x0000000797b80000, 0x00000007c0000000)
  eden space 32768K, 2% used [0x0000000795580000,0x0000000795641730,0x0000000797580000)
  from space 2048K, 96% used [0x0000000797600000,0x00000007977ec010,0x0000000797800000)
  to   space 2048K, 0% used [0x0000000797980000,0x0000000797980000,0x0000000797b80000)
 ParOldGen       total 87552K, used 40K [0x0000000740000000, 0x0000000745580000, 0x0000000795580000)
  object space 87552K, 0% used [0x0000000740000000,0x000000074000a000,0x0000000745580000)
 Metaspace       used 9920K, capacity 10162K, committed 10240K, reserved 1058816K
  class space    used 1150K, capacity 1247K, committed 1280K, reserved 1048576K

Card table byte_map: [0x000000010ab62000,0x000000010af63000] byte_map_base: 0x0000000107162000

Marking Bits: (ParMarkBitMap*) 0x000000010a0f0d30
 Begin Bits: [0x000000011bacd000, 0x000000011dacd000)
 End Bits:   [0x000000011dacd000, 0x000000011facd000)

Polling page: 0x0000000108e67000

CodeCache: size=245760Kb used=6146Kb max_used=6172Kb free=239613Kb
 bounds [0x000000010cacd000, 0x000000010d0ed000, 0x000000011bacd000]
 total_blobs=1834 nmethods=1356 adapters=392
 compilation: enabled

Compilation events (10 events):
Event: 28866.754 Thread 0x00007fb18c840800 1521       4       sun.java2d.SunGraphics2D::translate (68 bytes)
Event: 28866.756 Thread 0x00007fb18c840800 nmethod 1521 0x000000010cd9f890 code [0x000000010cd9f9e0, 0x000000010cd9faf8]
Event: 28959.526 Thread 0x00007fb18c036000 1522   !   4       sun.awt.PostEventQueue::flush (168 bytes)
Event: 28959.665 Thread 0x00007fb18c036000 nmethod 1522 0x000000010d0d9e50 code [0x000000010d0da440, 0x000000010d0e0448]
Event: 29109.246 Thread 0x00007fb18c840800 1523       4       sun.java2d.SunGraphics2D::clipRect (17 bytes)
Event: 29109.255 Thread 0x00007fb18c840800 nmethod 1523 0x000000010ccee510 code [0x000000010ccee6e0, 0x000000010cceede0]
Event: 29131.455 Thread 0x00007fb18c036000 1524       4       java.lang.Integer::parseInt (261 bytes)
Event: 29131.463 Thread 0x00007fb18c036000 nmethod 1524 0x000000010cbd9550 code [0x000000010cbd9700, 0x000000010cbd9cd8]
Event: 29132.198 Thread 0x00007fb18c840800 1525       4       sun.java2d.SunGraphics2D::getClipBounds (21 bytes)
Event: 29132.201 Thread 0x00007fb18c840800 nmethod 1525 0x000000010cd39710 code [0x000000010cd398a0, 0x000000010cd39b68]

GC Heap History (10 events):
Event: 5300.857 GC heap before
{Heap before GC invocations=1 (full 0):
 PSYoungGen      total 38400K, used 33280K [0x0000000795580000, 0x0000000798000000, 0x00000007c0000000)
  eden space 33280K, 100% used [0x0000000795580000,0x0000000797600000,0x0000000797600000)
  from space 5120K, 0% used [0x0000000797b00000,0x0000000797b00000,0x0000000798000000)
  to   space 5120K, 0% used [0x0000000797600000,0x0000000797600000,0x0000000797b00000)
 ParOldGen       total 87552K, used 0K [0x0000000740000000, 0x0000000745580000, 0x0000000795580000)
  object space 87552K, 0% used [0x0000000740000000,0x0000000740000000,0x0000000745580000)
 Metaspace       used 9532K, capacity 9778K, committed 9984K, reserved 1058816K
  class space    used 1109K, capacity 1183K, committed 1280K, reserved 1048576K
Event: 5300.883 GC heap after
Heap after GC invocations=1 (full 0):
 PSYoungGen      total 38400K, used 1760K [0x0000000795580000, 0x0000000798000000, 0x00000007c0000000)
  eden space 33280K, 0% used [0x0000000795580000,0x0000000795580000,0x0000000797600000)
  from space 5120K, 34% used [0x0000000797600000,0x00000007977b8000,0x0000000797b00000)
  to   space 5120K, 0% used [0x0000000797b00000,0x0000000797b00000,0x0000000798000000)
 ParOldGen       total 87552K, used 16K [0x0000000740000000, 0x0000000745580000, 0x0000000795580000)
  object space 87552K, 0% used [0x0000000740000000,0x0000000740004000,0x0000000745580000)
 Metaspace       used 9532K, capacity 9778K, committed 9984K, reserved 1058816K
  class space    used 1109K, capacity 1183K, committed 1280K, reserved 1048576K
}
Event: 10273.569 GC heap before
{Heap before GC invocations=2 (full 0):
 PSYoungGen      total 38400K, used 35040K [0x0000000795580000, 0x0000000798000000, 0x00000007c0000000)
  eden space 33280K, 100% used [0x0000000795580000,0x0000000797600000,0x0000000797600000)
  from space 5120K, 34% used [0x0000000797600000,0x00000007977b8000,0x0000000797b00000)
  to   space 5120K, 0% used [0x0000000797b00000,0x0000000797b00000,0x0000000798000000)
 ParOldGen       total 87552K, used 16K [0x0000000740000000, 0x0000000745580000, 0x0000000795580000)
  object space 87552K, 0% used [0x0000000740000000,0x0000000740004000,0x0000000745580000)
 Metaspace       used 9728K, capacity 9938K, committed 10240K, reserved 1058816K
  class space    used 1125K, capacity 1215K, committed 1280K, reserved 1048576K
Event: 10273.575 GC heap after
Heap after GC invocations=2 (full 0):
 PSYoungGen      total 38400K, used 1792K [0x0000000795580000, 0x0000000798000000, 0x00000007c0000000)
  eden space 33280K, 0% used [0x0000000795580000,0x0000000795580000,0x0000000797600000)
  from space 5120K, 35% used [0x0000000797b00000,0x0000000797cc0020,0x0000000798000000)
  to   space 5120K, 0% used [0x0000000797600000,0x0000000797600000,0x0000000797b00000)
 ParOldGen       total 87552K, used 24K [0x0000000740000000, 0x0000000745580000, 0x0000000795580000)
  object space 87552K, 0% used [0x0000000740000000,0x0000000740006000,0x0000000745580000)
 Metaspace       used 9728K, capacity 9938K, committed 10240K, reserved 1058816K
  class space    used 1125K, capacity 1215K, committed 1280K, reserved 1048576K
}
Event: 13080.175 GC heap before
{Heap before GC invocations=3 (full 0):
 PSYoungGen      total 38400K, used 35072K [0x0000000795580000, 0x0000000798000000, 0x00000007c0000000)
  eden space 33280K, 100% used [0x0000000795580000,0x0000000797600000,0x0000000797600000)
  from space 5120K, 35% used [0x0000000797b00000,0x0000000797cc0020,0x0000000798000000)
  to   space 5120K, 0% used [0x0000000797600000,0x0000000797600000,0x0000000797b00000)
 ParOldGen       total 87552K, used 24K [0x0000000740000000, 0x0000000745580000, 0x0000000795580000)
  object space 87552K, 0% used [0x0000000740000000,0x0000000740006000,0x0000000745580000)
 Metaspace       used 9781K, capacity 10002K, committed 10240K, reserved 1058816K
  class space    used 1135K, capacity 1215K, committed 1280K, reserved 1048576K
Event: 13080.183 GC heap after
Heap after GC invocations=3 (full 0):
 PSYoungGen      total 38400K, used 1824K [0x0000000795580000, 0x0000000798000000, 0x00000007c0000000)
  eden space 33280K, 0% used [0x0000000795580000,0x0000000795580000,0x0000000797600000)
  from space 5120K, 35% used [0x0000000797600000,0x00000007977c8020,0x0000000797b00000)
  to   space 5120K, 0% used [0x0000000797b00000,0x0000000797b00000,0x0000000798000000)
 ParOldGen       total 87552K, used 32K [0x0000000740000000, 0x0000000745580000, 0x0000000795580000)
  object space 87552K, 0% used [0x0000000740000000,0x0000000740008000,0x0000000745580000)
 Metaspace       used 9781K, capacity 10002K, committed 10240K, reserved 1058816K
  class space    used 1135K, capacity 1215K, committed 1280K, reserved 1048576K
}
Event: 24845.893 GC heap before
{Heap before GC invocations=4 (full 0):
 PSYoungGen      total 38400K, used 35104K [0x0000000795580000, 0x0000000798000000, 0x00000007c0000000)
  eden space 33280K, 100% used [0x0000000795580000,0x0000000797600000,0x0000000797600000)
  from space 5120K, 35% used [0x0000000797600000,0x00000007977c8020,0x0000000797b00000)
  to   space 5120K, 0% used [0x0000000797b00000,0x0000000797b00000,0x0000000798000000)
 ParOldGen       total 87552K, used 32K [0x0000000740000000, 0x0000000745580000, 0x0000000795580000)
  object space 87552K, 0% used [0x0000000740000000,0x0000000740008000,0x0000000745580000)
 Metaspace       used 9782K, capacity 10002K, committed 10240K, reserved 1058816K
  class space    used 1135K, capacity 1215K, committed 1280K, reserved 1048576K
Event: 24845.913 GC heap after
Heap after GC invocations=4 (full 0):
 PSYoungGen      total 38400K, used 1904K [0x0000000795580000, 0x0000000798000000, 0x00000007c0000000)
  eden space 33280K, 0% used [0x0000000795580000,0x0000000795580000,0x0000000797600000)
  from space 5120K, 37% used [0x0000000797b00000,0x0000000797cdc010,0x0000000798000000)
  to   space 5120K, 0% used [0x0000000797600000,0x0000000797600000,0x0000000797b00000)
 ParOldGen       total 87552K, used 32K [0x0000000740000000, 0x0000000745580000, 0x0000000795580000)
  object space 87552K, 0% used [0x0000000740000000,0x0000000740008000,0x0000000745580000)
 Metaspace       used 9782K, capacity 10002K, committed 10240K, reserved 1058816K
  class space    used 1135K, capacity 1215K, committed 1280K, reserved 1048576K
}
Event: 29146.603 GC heap before
{Heap before GC invocations=5 (full 0):
 PSYoungGen      total 38400K, used 35184K [0x0000000795580000, 0x0000000798000000, 0x00000007c0000000)
  eden space 33280K, 100% used [0x0000000795580000,0x0000000797600000,0x0000000797600000)
  from space 5120K, 37% used [0x0000000797b00000,0x0000000797cdc010,0x0000000798000000)
  to   space 5120K, 0% used [0x0000000797600000,0x0000000797600000,0x0000000797b00000)
 ParOldGen       total 87552K, used 32K [0x0000000740000000, 0x0000000745580000, 0x0000000795580000)
  object space 87552K, 0% used [0x0000000740000000,0x0000000740008000,0x0000000745580000)
 Metaspace       used 9920K, capacity 10162K, committed 10240K, reserved 1058816K
  class space    used 1150K, capacity 1247K, committed 1280K, reserved 1048576K
Event: 29146.614 GC heap after
Heap after GC invocations=5 (full 0):
 PSYoungGen      total 34816K, used 1968K [0x0000000795580000, 0x0000000797b80000, 0x00000007c0000000)
  eden space 32768K, 0% used [0x0000000795580000,0x0000000795580000,0x0000000797580000)
  from space 2048K, 96% used [0x0000000797600000,0x00000007977ec010,0x0000000797800000)
  to   space 2048K, 0% used [0x0000000797980000,0x0000000797980000,0x0000000797b80000)
 ParOldGen       total 87552K, used 40K [0x0000000740000000, 0x0000000745580000, 0x0000000795580000)
  object space 87552K, 0% used [0x0000000740000000,0x000000074000a000,0x0000000745580000)
 Metaspace       used 9920K, capacity 10162K, committed 10240K, reserved 1058816K
  class space    used 1150K, capacity 1247K, committed 1280K, reserved 1048576K
}

Deoptimization events (10 events):
Event: 27416.877 Thread 0x00007fb18b185000 Uncommon trap: reason=class_check action=maybe_recompile pc=0x000000010d0472d8 method=javax.swing.RepaintManager.collectDirtyComponents(Ljava/util/Map;Ljava/awt/Component;Ljava/util/List;)V @ 7
Event: 27416.877 Thread 0x00007fb18b185000 Uncommon trap: reason=class_check action=maybe_recompile pc=0x000000010cffcd74 method=javax.swing.RepaintManager$4.run()Ljava/lang/Void; @ 27
Event: 27416.877 Thread 0x00007fb18b185000 Uncommon trap: reason=unstable_if action=reinterpret pc=0x000000010ce744a0 method=java.awt.Rectangle.translate(II)V @ 109
Event: 27416.880 Thread 0x00007fb18c831800 Uncommon trap: reason=class_check action=maybe_recompile pc=0x000000010cd3aee8 method=sun.java2d.opengl.OGLRenderer.validateContext(Lsun/java2d/SunGraphics2D;)V @ 23
Event: 27416.880 Thread 0x00007fb18c831800 Uncommon trap: reason=class_check action=maybe_recompile pc=0x000000010cfe6454 method=sun.java2d.opengl.OGLBlitLoops.IsoBlit(Lsun/java2d/SurfaceData;Lsun/java2d/SurfaceData;Ljava/awt/image/BufferedImage;Ljava/awt/image/BufferedImageOp;Ljava/awt/Composite;
Event: 27416.890 Thread 0x00007fb18b185000 Uncommon trap: reason=unstable_if action=reinterpret pc=0x000000010cf780b0 method=sun.java2d.SunGraphics2D.setDevClip(IIII)V @ 8
Event: 27416.897 Thread 0x00007fb18b185000 Uncommon trap: reason=class_check action=maybe_recompile pc=0x000000010d010a94 method=javax.swing.RepaintManager.addDirtyRegion0(Ljava/awt/Container;IIII)V @ 16
Event: 27416.897 Thread 0x00007fb18b185000 Uncommon trap: reason=class_check action=maybe_recompile pc=0x000000010d0472d8 method=javax.swing.RepaintManager.collectDirtyComponents(Ljava/util/Map;Ljava/awt/Component;Ljava/util/List;)V @ 7
Event: 27416.897 Thread 0x00007fb18b185000 Uncommon trap: reason=class_check action=maybe_recompile pc=0x000000010cffcd74 method=javax.swing.RepaintManager$4.run()Ljava/lang/Void; @ 27
Event: 27680.276 Thread 0x00007fb18b185000 Uncommon trap: reason=null_check action=make_not_entrant pc=0x000000010d04f378 method=javax.swing.RepaintManager.getVolatileOffscreenBuffer(Ljava/awt/Component;II)Ljava/awt/Image; @ 172

Internal exceptions (10 events):
Event: 5902.815 Thread 0x00007fb18b185000 Exception <a 'java/util/ConcurrentModificationException'> (0x0000000796629bc8) thrown at [/Users/java_re/workspace/8-2-build-macosx-x86_64/jdk8u121/8372/hotspot/src/share/vm/prims/jvm.cpp, line 1394]
Event: 9192.929 Thread 0x00007fb18b185000 Implicit null exception at 0x000000010cf8ccd8 to 0x000000010cf903e1
Event: 12623.343 Thread 0x00007fb18b185000 Exception <a 'java/util/ConcurrentModificationException'> (0x0000000797343ef0) thrown at [/Users/java_re/workspace/8-2-build-macosx-x86_64/jdk8u121/8372/hotspot/src/share/vm/prims/jvm.cpp, line 1394]
Event: 12623.343 Thread 0x00007fb18b185000 Exception <a 'java/util/ConcurrentModificationException'> (0x0000000797343ef0) thrown at [/Users/java_re/workspace/8-2-build-macosx-x86_64/jdk8u121/8372/hotspot/src/share/vm/prims/jvm.cpp, line 1394]
Event: 27416.871 Thread 0x00007fb18c1dc800 Implicit null exception at 0x000000010cca261f to 0x000000010cca2a31
Event: 27680.276 Thread 0x00007fb18b185000 Implicit null exception at 0x000000010d04d29e to 0x000000010d04f2c9
Event: 27860.216 Thread 0x00007fb18b185000 Exception <a 'java/util/ConcurrentModificationException'> (0x000000079628ba48) thrown at [/Users/java_re/workspace/8-2-build-macosx-x86_64/jdk8u121/8372/hotspot/src/share/vm/prims/jvm.cpp, line 1394]
Event: 27860.216 Thread 0x00007fb18b185000 Exception <a 'java/util/ConcurrentModificationException'> (0x000000079628ba48) thrown at [/Users/java_re/workspace/8-2-build-macosx-x86_64/jdk8u121/8372/hotspot/src/share/vm/prims/jvm.cpp, line 1394]
Event: 28019.328 Thread 0x00007fb18b185000 Exception <a 'java/util/ConcurrentModificationException'> (0x00000007967b3548) thrown at [/Users/java_re/workspace/8-2-build-macosx-x86_64/jdk8u121/8372/hotspot/src/share/vm/prims/jvm.cpp, line 1394]
Event: 28019.328 Thread 0x00007fb18b185000 Exception <a 'java/util/ConcurrentModificationException'> (0x00000007967b3548) thrown at [/Users/java_re/workspace/8-2-build-macosx-x86_64/jdk8u121/8372/hotspot/src/share/vm/prims/jvm.cpp, line 1394]

Events (10 events):
Event: 27681.631 Thread 0x00007fb18c840800 flushing nmethod 0x000000010ce10210
Event: 27681.633 Thread 0x00007fb18c037000 flushing nmethod 0x000000010ce792d0
Event: 27681.633 Thread 0x00007fb18c037000 flushing nmethod 0x000000010ce7ba10
Event: 27681.633 Thread 0x00007fb18c037000 flushing nmethod 0x000000010ce89f10
Event: 27681.633 Thread 0x00007fb18c037000 flushing nmethod 0x000000010ce8fcd0
Event: 27681.741 Thread 0x00007fb18c036000 flushing nmethod 0x000000010ce9a2d0
Event: 27681.837 Thread 0x00007fb18c037000 flushing nmethod 0x000000010ceda910
Event: 27681.837 Thread 0x00007fb18c037000 flushing nmethod 0x000000010cee0750
Event: 29146.603 Executing VM operation: ParallelGCFailedAllocation
Event: 29146.614 Executing VM operation: ParallelGCFailedAllocation done


Dynamic libraries:
0x00000000175ec000 	/System/Library/Frameworks/Cocoa.framework/Versions/A/Cocoa
0x00000000175ec000 	/System/Library/Frameworks/Security.framework/Versions/A/Security
0x00000000175ec000 	/System/Library/Frameworks/ApplicationServices.framework/Versions/A/ApplicationServices
0x00000000175ec000 	/usr/lib/libz.1.dylib
0x00000000175ec000 	/usr/lib/libSystem.B.dylib
0x00000000175ec000 	/usr/lib/libobjc.A.dylib
0x00000000175ec000 	/System/Library/Frameworks/CoreFoundation.framework/Versions/A/CoreFoundation
0x00000000175ec000 	/System/Library/Frameworks/Foundation.framework/Versions/C/Foundation
0x00000000175ec000 	/System/Library/Frameworks/AppKit.framework/Versions/C/AppKit
0x00000000175ec000 	/System/Library/Frameworks/CoreData.framework/Versions/A/CoreData
0x00000000175ec000 	/System/Library/PrivateFrameworks/RemoteViewServices.framework/Versions/A/RemoteViewServices
0x00000000175ec000 	/System/Library/PrivateFrameworks/UIFoundation.framework/Versions/A/UIFoundation
0x00000000175ec000 	/System/Library/PrivateFrameworks/DFRFoundation.framework/Versions/A/DFRFoundation
0x00000000175ec000 	/usr/lib/libenergytrace.dylib
0x00000000175ec000 	/System/Library/PrivateFrameworks/SkyLight.framework/Versions/A/SkyLight
0x00000000175ec000 	/System/Library/Frameworks/CoreGraphics.framework/Versions/A/CoreGraphics
0x00000000175ec000 	/usr/lib/libScreenReader.dylib
0x00000000175ec000 	/System/Library/Frameworks/Accelerate.framework/Versions/A/Accelerate
0x00000000175ec000 	/System/Library/Frameworks/IOSurface.framework/Versions/A/IOSurface
0x00000000175ec000 	/System/Library/Frameworks/AudioToolbox.framework/Versions/A/AudioToolbox
0x00000000175ec000 	/System/Library/Frameworks/AudioUnit.framework/Versions/A/AudioUnit
0x00000000175ec000 	/System/Library/PrivateFrameworks/DataDetectorsCore.framework/Versions/A/DataDetectorsCore
0x00000000175ec000 	/System/Library/PrivateFrameworks/DesktopServicesPriv.framework/Versions/A/DesktopServicesPriv
0x00000000175ec000 	/System/Library/Frameworks/Carbon.framework/Versions/A/Frameworks/HIToolbox.framework/Versions/A/HIToolbox
0x00000000175ec000 	/usr/lib/libicucore.A.dylib
0x00000000175ec000 	/System/Library/Frameworks/QuartzCore.framework/Versions/A/QuartzCore
0x00000000175ec000 	/System/Library/Frameworks/Carbon.framework/Versions/A/Frameworks/SpeechRecognition.framework/Versions/A/SpeechRecognition
0x00000000175ec000 	/usr/lib/libauto.dylib
0x00000000175ec000 	/usr/lib/libxml2.2.dylib
0x00000000175ec000 	/System/Library/PrivateFrameworks/CoreUI.framework/Versions/A/CoreUI
0x00000000175ec000 	/System/Library/Frameworks/CoreAudio.framework/Versions/A/CoreAudio
0x00000000175ec000 	/System/Library/Frameworks/DiskArbitration.framework/Versions/A/DiskArbitration
0x00000000175ec000 	/usr/lib/liblangid.dylib
0x00000000175ec000 	/System/Library/PrivateFrameworks/MultitouchSupport.framework/Versions/A/MultitouchSupport
0x00000000175ec000 	/System/Library/Frameworks/IOKit.framework/Versions/A/IOKit
0x00000000175ec000 	/usr/lib/libDiagnosticMessagesClient.dylib
0x00000000175ec000 	/System/Library/Frameworks/CoreServices.framework/Versions/A/CoreServices
0x00000000175ec000 	/System/Library/PrivateFrameworks/PerformanceAnalysis.framework/Versions/A/PerformanceAnalysis
0x00000000175ec000 	/System/Library/PrivateFrameworks/GenerationalStorage.framework/Versions/A/GenerationalStorage
0x00000000175ec000 	/System/Library/Frameworks/OpenGL.framework/Versions/A/OpenGL
0x00000000175ec000 	/System/Library/Frameworks/CoreImage.framework/Versions/A/CoreImage
0x00000000175ec000 	/System/Library/Frameworks/CoreText.framework/Versions/A/CoreText
0x00000000175ec000 	/System/Library/Frameworks/ImageIO.framework/Versions/A/ImageIO
0x00000000175ec000 	/System/Library/PrivateFrameworks/Backup.framework/Versions/A/Backup
0x00000000175ec000 	/usr/lib/libarchive.2.dylib
0x00000000175ec000 	/System/Library/Frameworks/CFNetwork.framework/Versions/A/CFNetwork
0x00000000175ec000 	/System/Library/Frameworks/SystemConfiguration.framework/Versions/A/SystemConfiguration
0x00000000175ec000 	/usr/lib/libCRFSuite.dylib
0x00000000175ec000 	/usr/lib/libc++.1.dylib
0x00000000175ec000 	/usr/lib/libc++abi.dylib
0x00000000175ec000 	/usr/lib/system/libcache.dylib
0x00000000175ec000 	/usr/lib/system/libcommonCrypto.dylib
0x00000000175ec000 	/usr/lib/system/libcompiler_rt.dylib
0x00000000175ec000 	/usr/lib/system/libcopyfile.dylib
0x00000000175ec000 	/usr/lib/system/libcorecrypto.dylib
0x00000000175ec000 	/usr/lib/system/libdispatch.dylib
0x00000000175ec000 	/usr/lib/system/libdyld.dylib
0x00000000175ec000 	/usr/lib/system/libkeymgr.dylib
0x00000000175ec000 	/usr/lib/system/liblaunch.dylib
0x00000000175ec000 	/usr/lib/system/libmacho.dylib
0x00000000175ec000 	/usr/lib/system/libquarantine.dylib
0x00000000175ec000 	/usr/lib/system/libremovefile.dylib
0x00000000175ec000 	/usr/lib/system/libsystem_asl.dylib
0x00000000175ec000 	/usr/lib/system/libsystem_blocks.dylib
0x00000000175ec000 	/usr/lib/system/libsystem_c.dylib
0x00000000175ec000 	/usr/lib/system/libsystem_configuration.dylib
0x00000000175ec000 	/usr/lib/system/libsystem_coreservices.dylib
0x00000000175ec000 	/usr/lib/system/libsystem_coretls.dylib
0x00000000175ec000 	/usr/lib/system/libsystem_dnssd.dylib
0x00000000175ec000 	/usr/lib/system/libsystem_info.dylib
0x00000000175ec000 	/usr/lib/system/libsystem_kernel.dylib
0x00000000175ec000 	/usr/lib/system/libsystem_m.dylib
0x00000000175ec000 	/usr/lib/system/libsystem_malloc.dylib
0x00000000175ec000 	/usr/lib/system/libsystem_network.dylib
0x00000000175ec000 	/usr/lib/system/libsystem_networkextension.dylib
0x00000000175ec000 	/usr/lib/system/libsystem_notify.dylib
0x00000000175ec000 	/usr/lib/system/libsystem_platform.dylib
0x00000000175ec000 	/usr/lib/system/libsystem_pthread.dylib
0x00000000175ec000 	/usr/lib/system/libsystem_sandbox.dylib
0x00000000175ec000 	/usr/lib/system/libsystem_secinit.dylib
0x00000000175ec000 	/usr/lib/system/libsystem_symptoms.dylib
0x00000000175ec000 	/usr/lib/system/libsystem_trace.dylib
0x00000000175ec000 	/usr/lib/system/libunwind.dylib
0x00000000175ec000 	/usr/lib/system/libxpc.dylib
0x00000000175ec000 	/usr/lib/libbsm.0.dylib
0x00000000175ec000 	/usr/lib/system/libkxld.dylib
0x00000000175ec000 	/usr/lib/libcoretls.dylib
0x00000000175ec000 	/usr/lib/libcoretls_cfhelpers.dylib
0x00000000175ec000 	/usr/lib/libOpenScriptingUtil.dylib
0x00000000175ec000 	/usr/lib/libpam.2.dylib
0x00000000175ec000 	/usr/lib/libsqlite3.dylib
0x00000000175ec000 	/usr/lib/libxar.1.dylib
0x00000000175ec000 	/usr/lib/libbz2.1.0.dylib
0x00000000175ec000 	/usr/lib/liblzma.5.dylib
0x00000000175ec000 	/usr/lib/libnetwork.dylib
0x00000000175ec000 	/usr/lib/libpcap.A.dylib
0x00000000175ec000 	/System/Library/Frameworks/CoreServices.framework/Versions/A/Frameworks/FSEvents.framework/Versions/A/FSEvents
0x00000000175ec000 	/System/Library/Frameworks/CoreServices.framework/Versions/A/Frameworks/CarbonCore.framework/Versions/A/CarbonCore
0x00000000175ec000 	/System/Library/Frameworks/CoreServices.framework/Versions/A/Frameworks/Metadata.framework/Versions/A/Metadata
0x00000000175ec000 	/System/Library/Frameworks/CoreServices.framework/Versions/A/Frameworks/OSServices.framework/Versions/A/OSServices
0x00000000175ec000 	/System/Library/Frameworks/CoreServices.framework/Versions/A/Frameworks/SearchKit.framework/Versions/A/SearchKit
0x00000000175ec000 	/System/Library/Frameworks/CoreServices.framework/Versions/A/Frameworks/AE.framework/Versions/A/AE
0x00000000175ec000 	/System/Library/Frameworks/CoreServices.framework/Versions/A/Frameworks/LaunchServices.framework/Versions/A/LaunchServices
0x00000000175ec000 	/System/Library/Frameworks/CoreServices.framework/Versions/A/Frameworks/DictionaryServices.framework/Versions/A/DictionaryServices
0x00000000175ec000 	/System/Library/Frameworks/CoreServices.framework/Versions/A/Frameworks/SharedFileList.framework/Versions/A/SharedFileList
0x00000000175ec000 	/System/Library/Frameworks/NetFS.framework/Versions/A/NetFS
0x00000000175ec000 	/System/Library/PrivateFrameworks/NetAuth.framework/Versions/A/NetAuth
0x00000000175ec000 	/System/Library/PrivateFrameworks/login.framework/Versions/A/Frameworks/loginsupport.framework/Versions/A/loginsupport
0x00000000175ec000 	/System/Library/PrivateFrameworks/TCC.framework/Versions/A/TCC
0x00000000175ec000 	/usr/lib/libmecabra.dylib
0x00000000175ec000 	/System/Library/Frameworks/ApplicationServices.framework/Versions/A/Frameworks/ATS.framework/Versions/A/ATS
0x00000000175ec000 	/System/Library/Frameworks/ApplicationServices.framework/Versions/A/Frameworks/ColorSync.framework/Versions/A/ColorSync
0x00000000175ec000 	/System/Library/Frameworks/ApplicationServices.framework/Versions/A/Frameworks/HIServices.framework/Versions/A/HIServices
0x00000000175ec000 	/System/Library/Frameworks/ApplicationServices.framework/Versions/A/Frameworks/LangAnalysis.framework/Versions/A/LangAnalysis
0x00000000175ec000 	/System/Library/Frameworks/ApplicationServices.framework/Versions/A/Frameworks/PrintCore.framework/Versions/A/PrintCore
0x00000000175ec000 	/System/Library/Frameworks/ApplicationServices.framework/Versions/A/Frameworks/QD.framework/Versions/A/QD
0x00000000175ec000 	/System/Library/Frameworks/ApplicationServices.framework/Versions/A/Frameworks/SpeechSynthesis.framework/Versions/A/SpeechSynthesis
0x00000000175ec000 	/System/Library/Frameworks/Accelerate.framework/Versions/A/Frameworks/vImage.framework/Versions/A/vImage
0x00000000175ec000 	/System/Library/Frameworks/Accelerate.framework/Versions/A/Frameworks/vecLib.framework/Versions/A/vecLib
0x00000000175ec000 	/System/Library/Frameworks/Accelerate.framework/Versions/A/Frameworks/vecLib.framework/Versions/A/libvDSP.dylib
0x00000000175ec000 	/System/Library/Frameworks/Accelerate.framework/Versions/A/Frameworks/vecLib.framework/Versions/A/libBNNS.dylib
0x00000000175ec000 	/System/Library/Frameworks/Accelerate.framework/Versions/A/Frameworks/vecLib.framework/Versions/A/libQuadrature.dylib
0x00000000175ec000 	/System/Library/Frameworks/Accelerate.framework/Versions/A/Frameworks/vecLib.framework/Versions/A/libvMisc.dylib
0x00000000175ec000 	/System/Library/Frameworks/Accelerate.framework/Versions/A/Frameworks/vecLib.framework/Versions/A/libLAPACK.dylib
0x00000000175ec000 	/System/Library/Frameworks/Accelerate.framework/Versions/A/Frameworks/vecLib.framework/Versions/A/libBLAS.dylib
0x00000000175ec000 	/System/Library/Frameworks/Accelerate.framework/Versions/A/Frameworks/vecLib.framework/Versions/A/libLinearAlgebra.dylib
0x00000000175ec000 	/System/Library/Frameworks/Accelerate.framework/Versions/A/Frameworks/vecLib.framework/Versions/A/libSparseBLAS.dylib
0x00000000175ec000 	/System/Library/Frameworks/ApplicationServices.framework/Versions/A/Frameworks/ATS.framework/Versions/A/Resources/libFontParser.dylib
0x00000000175ec000 	/System/Library/Frameworks/ApplicationServices.framework/Versions/A/Frameworks/ATS.framework/Versions/A/Resources/libFontRegistry.dylib
0x00000000175ec000 	/System/Library/Frameworks/ImageIO.framework/Versions/A/Resources/libJPEG.dylib
0x00000000175ec000 	/System/Library/Frameworks/ImageIO.framework/Versions/A/Resources/libTIFF.dylib
0x00000000175ec000 	/System/Library/Frameworks/ImageIO.framework/Versions/A/Resources/libPng.dylib
0x00000000175ec000 	/System/Library/Frameworks/ImageIO.framework/Versions/A/Resources/libGIF.dylib
0x00000000175ec000 	/System/Library/Frameworks/ImageIO.framework/Versions/A/Resources/libJP2.dylib
0x00000000175ec000 	/System/Library/Frameworks/ImageIO.framework/Versions/A/Resources/libRadiance.dylib
0x00000000175ec000 	/usr/lib/libcompression.dylib
0x00000000175ec000 	/System/Library/PrivateFrameworks/AppleJPEG.framework/Versions/A/AppleJPEG
0x00000000175ec000 	/usr/lib/libcups.2.dylib
0x00000000175ec000 	/System/Library/Frameworks/Kerberos.framework/Versions/A/Kerberos
0x00000000175ec000 	/System/Library/Frameworks/GSS.framework/Versions/A/GSS
0x00000000175ec000 	/usr/lib/libresolv.9.dylib
0x00000000175ec000 	/usr/lib/libiconv.2.dylib
0x00000000175ec000 	/System/Library/PrivateFrameworks/Heimdal.framework/Versions/A/Heimdal
0x00000000175ec000 	/usr/lib/libheimdal-asn1.dylib
0x00000000175ec000 	/System/Library/Frameworks/OpenDirectory.framework/Versions/A/OpenDirectory
0x00000000175ec000 	/System/Library/PrivateFrameworks/CommonAuth.framework/Versions/A/CommonAuth
0x00000000175ec000 	/System/Library/Frameworks/OpenDirectory.framework/Versions/A/Frameworks/CFOpenDirectory.framework/Versions/A/CFOpenDirectory
0x00000000175ec000 	/System/Library/Frameworks/SecurityFoundation.framework/Versions/A/SecurityFoundation
0x00000000175ec000 	/System/Library/PrivateFrameworks/LanguageModeling.framework/Versions/A/LanguageModeling
0x00000000175ec000 	/usr/lib/libmarisa.dylib
0x00000000175ec000 	/usr/lib/libChineseTokenizer.dylib
0x00000000175ec000 	/usr/lib/libcmph.dylib
0x00000000175ec000 	/System/Library/PrivateFrameworks/CoreEmoji.framework/Versions/A/CoreEmoji
0x00000000175ec000 	/System/Library/Frameworks/ServiceManagement.framework/Versions/A/ServiceManagement
0x00000000175ec000 	/usr/lib/libxslt.1.dylib
0x00000000175ec000 	/System/Library/Frameworks/Carbon.framework/Versions/A/Frameworks/Ink.framework/Versions/A/Ink
0x00000000175ec000 	/System/Library/PrivateFrameworks/TextureIO.framework/Versions/A/TextureIO
0x00000000175ec000 	/System/Library/Frameworks/Metal.framework/Versions/A/Metal
0x00000000175ec000 	/usr/lib/libate.dylib
0x00000000175ec000 	/System/Library/PrivateFrameworks/GPUCompiler.framework/libmetal_timestamp.dylib
0x00000000175ec000 	/System/Library/Frameworks/OpenGL.framework/Versions/A/Libraries/libCoreFSCache.dylib
0x00000000175ec000 	/System/Library/PrivateFrameworks/IOAccelerator.framework/Versions/A/IOAccelerator
0x00000000175ec000 	/System/Library/Frameworks/CoreVideo.framework/Versions/A/CoreVideo
0x00000000175ec000 	/usr/lib/libFosl_dynamic.dylib
0x00000000175ec000 	/System/Library/PrivateFrameworks/MetalPerformanceShaders.framework/Versions/A/MetalPerformanceShaders
0x00000000175ec000 	/System/Library/PrivateFrameworks/FaceCore.framework/Versions/A/FaceCore
0x00000000175ec000 	/System/Library/Frameworks/OpenCL.framework/Versions/A/OpenCL
0x00000000175ec000 	/System/Library/Frameworks/OpenGL.framework/Versions/A/Libraries/libGLU.dylib
0x00000000175ec000 	/System/Library/Frameworks/OpenGL.framework/Versions/A/Libraries/libGFXShared.dylib
0x00000000175ec000 	/System/Library/Frameworks/OpenGL.framework/Versions/A/Libraries/libGL.dylib
0x00000000175ec000 	/System/Library/Frameworks/OpenGL.framework/Versions/A/Libraries/libGLImage.dylib
0x00000000175ec000 	/System/Library/Frameworks/OpenGL.framework/Versions/A/Libraries/libCVMSPluginSupport.dylib
0x00000000175ec000 	/System/Library/Frameworks/OpenGL.framework/Versions/A/Libraries/libCoreVMClient.dylib
0x00000000175ec000 	/System/Library/PrivateFrameworks/CrashReporterSupport.framework/Versions/A/CrashReporterSupport
0x00000000175ec000 	/System/Library/PrivateFrameworks/Sharing.framework/Versions/A/Sharing
0x00000000175ec000 	/System/Library/PrivateFrameworks/IconServices.framework/Versions/A/IconServices
0x00000000175ec000 	/System/Library/PrivateFrameworks/ProtocolBuffer.framework/Versions/A/ProtocolBuffer
0x00000000175ec000 	/System/Library/PrivateFrameworks/Apple80211.framework/Versions/A/Apple80211
0x00000000175ec000 	/System/Library/Frameworks/CoreWLAN.framework/Versions/A/CoreWLAN
0x00000000175ec000 	/System/Library/PrivateFrameworks/CoreUtils.framework/Versions/A/CoreUtils
0x00000000175ec000 	/System/Library/Frameworks/IOBluetooth.framework/Versions/A/IOBluetooth
0x00000000175ec000 	/System/Library/PrivateFrameworks/CoreWiFi.framework/Versions/A/CoreWiFi
0x00000000175ec000 	/System/Library/Frameworks/CoreBluetooth.framework/Versions/A/CoreBluetooth
0x00000000175ec000 	/System/Library/Frameworks/CoreDisplay.framework/Versions/A/CoreDisplay
0x00000000175ec000 	/System/Library/PrivateFrameworks/IOPresentment.framework/Versions/A/IOPresentment
0x00000000175ec000 	/System/Library/PrivateFrameworks/DSExternalDisplay.framework/Versions/A/DSExternalDisplay
0x00000000175ec000 	/System/Library/PrivateFrameworks/DebugSymbols.framework/Versions/A/DebugSymbols
0x00000000175ec000 	/System/Library/PrivateFrameworks/CoreSymbolication.framework/Versions/A/CoreSymbolication
0x00000000175ec000 	/System/Library/PrivateFrameworks/Symbolication.framework/Versions/A/Symbolication
0x00000000175ec000 	/System/Library/PrivateFrameworks/AppleFSCompression.framework/Versions/A/AppleFSCompression
0x00000000175ec000 	/System/Library/PrivateFrameworks/SpeechRecognitionCore.framework/Versions/A/SpeechRecognitionCore
0x00000000175ec000 	/System/Library/PrivateFrameworks/ChunkingLibrary.framework/Versions/A/ChunkingLibrary
0x0000000109800000 	/Library/Java/JavaVirtualMachines/jdk1.8.0_121.jdk/Contents/Home/jre/lib/server/libjvm.dylib
0x00000000175ec000 	/usr/lib/libstdc++.6.dylib
0x0000000108e24000 	/Library/Java/JavaVirtualMachines/jdk1.8.0_121.jdk/Contents/Home/jre/lib/libverify.dylib
0x0000000108e32000 	/Library/Java/JavaVirtualMachines/jdk1.8.0_121.jdk/Contents/Home/jre/lib/libjava.dylib
0x0000000108e71000 	/Library/Java/JavaVirtualMachines/jdk1.8.0_121.jdk/Contents/Home/jre/lib/libzip.dylib
0x000000010c993000 	/System/Library/Frameworks/JavaVM.framework/Frameworks/JavaRuntimeSupport.framework/JavaRuntimeSupport
0x000000010c9ad000 	/System/Library/Frameworks/JavaVM.framework/Versions/A/Frameworks/JavaNativeFoundation.framework/Versions/A/JavaNativeFoundation
0x0000000108fed000 	/System/Library/Frameworks/JavaVM.framework/Versions/A/JavaVM
0x00000000175ec000 	/System/Library/Frameworks/Carbon.framework/Versions/A/Carbon
0x000000010c9c2000 	/System/Library/PrivateFrameworks/JavaLaunching.framework/Versions/A/JavaLaunching
0x00000000175ec000 	/System/Library/Frameworks/Carbon.framework/Versions/A/Frameworks/CommonPanels.framework/Versions/A/CommonPanels
0x00000000175ec000 	/System/Library/Frameworks/Carbon.framework/Versions/A/Frameworks/Help.framework/Versions/A/Help
0x00000000175ec000 	/System/Library/Frameworks/Carbon.framework/Versions/A/Frameworks/ImageCapture.framework/Versions/A/ImageCapture
0x00000000175ec000 	/System/Library/Frameworks/Carbon.framework/Versions/A/Frameworks/OpenScripting.framework/Versions/A/OpenScripting
0x00000000175ec000 	/System/Library/Frameworks/Carbon.framework/Versions/A/Frameworks/Print.framework/Versions/A/Print
0x00000000175ec000 	/System/Library/Frameworks/Carbon.framework/Versions/A/Frameworks/SecurityHI.framework/Versions/A/SecurityHI
0x0000000121986000 	/Library/Java/JavaVirtualMachines/jdk1.8.0_121.jdk/Contents/Home/jre/lib/libawt.dylib
0x0000000121a2e000 	/Library/Java/JavaVirtualMachines/jdk1.8.0_121.jdk/Contents/Home/jre/lib/./libmlib_image.dylib
0x0000000121afa000 	/Library/Java/JavaVirtualMachines/jdk1.8.0_121.jdk/Contents/Home/jre/lib/libawt_lwawt.dylib
0x000000010ca12000 	/Library/Java/JavaVirtualMachines/jdk1.8.0_121.jdk/Contents/Home/jre/lib/./libosxapp.dylib
0x00000000175ec000 	/System/Library/Frameworks/ExceptionHandling.framework/Versions/A/ExceptionHandling
0x00000000175ec000 	/System/Library/PrivateFrameworks/CoreServicesInternal.framework/Versions/A/CoreServicesInternal
0x00000000175ec000 	/System/Library/CoreServices/RawCamera.bundle/Contents/MacOS/RawCamera
0x00000000175ec000 	/System/Library/Frameworks/Accelerate.framework/Versions/A/Frameworks/vImage.framework/Versions/A/Libraries/libCGInterfaces.dylib
0x00000000175ec000 	/System/Library/Frameworks/ApplicationServices.framework/Versions/A/Frameworks/ATS.framework/Versions/A/Resources/libTrueTypeScaler.dylib
0x0000000123bba000 	/System/Library/Frameworks/OpenGL.framework/Resources/GLEngine.bundle/GLEngine
0x00000000175ec000 	/System/Library/Frameworks/OpenGL.framework/Versions/A/Libraries/libGLProgrammability.dylib
0x0000000123d9f000 	/System/Library/Extensions/AppleIntelBDWGraphicsGLDriver.bundle/Contents/MacOS/AppleIntelBDWGraphicsGLDriver
0x00000000175ec000 	/System/Library/PrivateFrameworks/GPUSupport.framework/Versions/A/Libraries/libGPUSupportMercury.dylib
0x0000000124509000 	/System/Library/Frameworks/OpenGL.framework/Resources//GLRendererFloat.bundle/GLRendererFloat
0x00000000175ec000 	/System/Library/Frameworks/OpenCL.framework/Versions/A/Libraries/libcldcpuengine.dylib
0x00000000175ec000 	/usr/lib/libcrypto.0.9.8.dylib
0x00000000175ec000 	/System/Library/PrivateFrameworks/TrustEvaluationAgent.framework/Versions/A/TrustEvaluationAgent
0x000000012453d000 	/System/Library/Extensions/AppleIntelBDWGraphicsMTLDriver.bundle/Contents/MacOS/AppleIntelBDWGraphicsMTLDriver
0x00000000175ec000 	/System/Library/PrivateFrameworks/FamilyControls.framework/Versions/A/FamilyControls
0x00000000175ec000 	/System/Library/PrivateFrameworks/CommerceKit.framework/Versions/A/Frameworks/CommerceCore.framework/Versions/A/CommerceCore
0x00000000175ec000 	/System/Library/PrivateFrameworks/SystemAdministration.framework/Versions/A/SystemAdministration
0x00000000175ec000 	/System/Library/PrivateFrameworks/AppContainer.framework/Versions/A/AppContainer
0x00000000175ec000 	/System/Library/PrivateFrameworks/SecCodeWrapper.framework/Versions/A/SecCodeWrapper
0x00000000175ec000 	/System/Library/Frameworks/DirectoryService.framework/Versions/A/DirectoryService
0x00000000175ec000 	/System/Library/PrivateFrameworks/DiskImages.framework/Versions/A/DiskImages
0x00000000175ec000 	/System/Library/PrivateFrameworks/LoginUIKit.framework/Versions/A/Frameworks/LoginUICore.framework/Versions/A/LoginUICore
0x00000000175ec000 	/usr/lib/libCoreStorage.dylib
0x00000000175ec000 	/usr/lib/libcsfde.dylib
0x00000000175ec000 	/usr/lib/libodfde.dylib
0x00000000175ec000 	/System/Library/Frameworks/DiscRecording.framework/Versions/A/DiscRecording
0x00000000175ec000 	/usr/lib/libcurl.4.dylib
0x00000000175ec000 	/System/Library/PrivateFrameworks/MediaKit.framework/Versions/A/MediaKit
0x00000000175ec000 	/System/Library/PrivateFrameworks/ProtectedCloudStorage.framework/Versions/A/ProtectedCloudStorage
0x00000000175ec000 	/System/Library/PrivateFrameworks/EFILogin.framework/Versions/A/EFILogin
0x00000000175ec000 	/usr/lib/libutil.dylib
0x00000000175ec000 	/System/Library/Frameworks/LDAP.framework/Versions/A/LDAP
0x00000000175ec000 	/usr/lib/libsasl2.2.dylib
0x00000000175ec000 	/System/Library/PrivateFrameworks/CoreDaemon.framework/Versions/B/CoreDaemon
0x00000000175ec000 	/System/Library/PrivateFrameworks/AppleSRP.framework/Versions/A/AppleSRP
0x00000000175ec000 	/System/Library/PrivateFrameworks/APFS.framework/Versions/A/APFS
0x00000001269c6000 	/Library/Java/JavaVirtualMachines/jdk1.8.0_121.jdk/Contents/Home/jre/lib/libfontmanager.dylib
0x0000000122cb5000 	/Library/Java/JavaVirtualMachines/jdk1.8.0_121.jdk/Contents/Home/jre/lib/libosxui.dylib
0x00000000175ec000 	/System/Library/PrivateFrameworks/ViewBridge.framework/Versions/A/ViewBridge
0x00000000175ec000 	/System/Library/PrivateFrameworks/XPCService.framework/Versions/A/XPCService
0x00000000175ec000 	/System/Library/PrivateFrameworks/AppSandbox.framework/Versions/A/AppSandbox
0x00000000175ec000 	/usr/lib/libsandbox.1.dylib
0x00000000175ec000 	/usr/lib/libMatch.1.dylib
0x000000012bcd8000 	/Library/Java/JavaVirtualMachines/jdk1.8.0_121.jdk/Contents/Home/jre/lib/libnet.dylib
0x000000012cd74000 	/Library/Java/JavaVirtualMachines/jdk1.8.0_121.jdk/Contents/Home/jre/lib/libnio.dylib

VM Arguments:
jvm_args: -Dfile.encoding=UTF-8 
java_command: main.Simulator
java_class_path (initial): /Users/lfernandes/Dropbox/tcc/dev/autonomous_car/bin:/Users/lfernandes/Dropbox/tcc/dev/autonomous_car/lib/3rdparty/junit-4.10.jar:/Users/lfernandes/Dropbox/tcc/dev/autonomous_car/lib/3rdparty/jpf.jar:/Users/lfernandes/Dropbox/tcc/dev/autonomous_car/lib/3rdparty/ev3classes.jar:/Users/lfernandes/Dropbox/tcc/dev/autonomous_car/lib/3rdparty/ev3tools.jar
Launcher Type: SUN_STANDARD

Environment Variables:
PATH=/usr/bin:/bin:/usr/sbin:/sbin
SHELL=/bin/bash

Signal Handlers:
SIGSEGV: [libjvm.dylib+0x5b1141], sa_mask[0]=11111111011111110111111111111111, sa_flags=SA_ONSTACK|SA_RESTART|SA_SIGINFO
SIGBUS: [libjvm.dylib+0x5b1141], sa_mask[0]=11111111011111110111111111111111, sa_flags=SA_RESTART|SA_SIGINFO
SIGFPE: [libjvm.dylib+0x487bc4], sa_mask[0]=11111111011111110111111111111111, sa_flags=SA_RESTART|SA_SIGINFO
SIGPIPE: [libjvm.dylib+0x487bc4], sa_mask[0]=11111111011111110111111111111111, sa_flags=SA_RESTART|SA_SIGINFO
SIGXFSZ: [libjvm.dylib+0x487bc4], sa_mask[0]=11111111011111110111111111111111, sa_flags=SA_RESTART|SA_SIGINFO
SIGILL: [libjvm.dylib+0x487bc4], sa_mask[0]=11111111011111110111111111111111, sa_flags=SA_RESTART|SA_SIGINFO
SIGUSR1: SIG_DFL, sa_mask[0]=00000000000000000000000000000000, sa_flags=none
SIGUSR2: [libjvm.dylib+0x4876e2], sa_mask[0]=00100000000000000000000000000000, sa_flags=SA_RESTART|SA_SIGINFO
SIGHUP: [libjvm.dylib+0x485cb9], sa_mask[0]=11111111011111110111111111111111, sa_flags=SA_RESTART|SA_SIGINFO
SIGINT: [libjvm.dylib+0x485cb9], sa_mask[0]=11111111011111110111111111111111, sa_flags=SA_RESTART|SA_SIGINFO
SIGTERM: [libjvm.dylib+0x485cb9], sa_mask[0]=11111111011111110111111111111111, sa_flags=SA_RESTART|SA_SIGINFO
SIGQUIT: [libjvm.dylib+0x485cb9], sa_mask[0]=11111111011111110111111111111111, sa_flags=SA_RESTART|SA_SIGINFO


---------------  S Y S T E M  ---------------

OS:Bsduname:Darwin 16.5.0 Darwin Kernel Version 16.5.0: Fri Mar  3 16:52:33 PST 2017; root:xnu-3789.51.2~3/RELEASE_X86_64 x86_64
rlimit: STACK 8192k, CORE 0k, NPROC 709, NOFILE 10240, AS infinity
load average:3.71 2.63 2.29

CPU:total 4 (2 cores per cpu, 2 threads per core) family 6 model 61 stepping 4, cmov, cx8, fxsr, mmx, sse, sse2, sse3, ssse3, sse4.1, sse4.2, popcnt, avx, avx2, aes, clmul, erms, 3dnowpref, lzcnt, ht, tsc, tscinvbit, bmi1, bmi2, adx

Memory: 4k page, physical 8388608k(34156k free)

/proc/meminfo:


vm_info: Java HotSpot(TM) 64-Bit Server VM (25.121-b13) for bsd-amd64 JRE (1.8.0_121-b13), built on Dec 12 2016 20:39:32 by "java_re" with gcc 4.2.1 (Based on Apple Inc. build 5658) (LLVM build 2336.11.00)

time: Fri Apr 28 13:37:53 2017
elapsed time: 29146 seconds (0d 8h 5m 46s)

