#
# A fatal error has been detected by the Java Runtime Environment:
#
#  SIGSEGV (0xb) at pc=0x000000011ddd32d7, pid=27856, tid=0x000000000000ba6f
#
# JRE version: Java(TM) SE Runtime Environment (8.0_121-b13) (build 1.8.0_121-b13)
# Java VM: Java HotSpot(TM) 64-Bit Server VM (25.121-b13 mixed mode bsd-amd64 compressed oops)
# Problematic frame:
# C  [libawt_lwawt.dylib+0x1c2d7]  OGLSD_SetScratchSurface+0x49
#
# Failed to write core dump. Core dumps have been disabled. To enable core dumping, try "ulimit -c unlimited" before starting Java again
#
# If you would like to submit a bug report, please visit:
#   http://bugreport.java.com/bugreport/crash.jsp
# The crash happened outside the Java Virtual Machine in native code.
# See problematic frame for where to report the bug.
#

---------------  T H R E A D  ---------------

Current thread (0x00007fcbc009b000):  JavaThread "Java2D Queue Flusher" daemon [_thread_in_native, id=47727, stack(0x000070000f334000,0x000070000f434000)]

siginfo: si_signo: 11 (SIGSEGV), si_code: 1 (SEGV_MAPERR), si_addr: 0x0000000000000002

Registers:
RAX=0x00000000ffffffff, RBX=0x0000000000000002, RCX=0x0000000000000047, RDX=0x000000011ddf4370
RSP=0x000070000f433710, RBP=0x000070000f433730, RSI=0x00007fcbbee8f900, RDI=0x00007fcbc009b1f8
R8 =0x000000000000007c, R9 =0x00000000001be790, R10=0x000000010d1b1a38, R11=0xffffffff00000000
R12=0x0000000000000000, R13=0x000000010d1c7d04, R14=0x00007fcbc009b1f8, R15=0x00007fcbc009b000
RIP=0x000000011ddd32d7, EFLAGS=0x0000000000010202, ERR=0x0000000000000004
  TRAPNO=0x000000000000000e

Top of Stack: (sp=0x000070000f433710)
0x000070000f433710:   00007fcbbee8f900 0000000000000000
0x000070000f433720:   00007fcbc09bf610 00007fcbc009b000
0x000070000f433730:   000070000f4337b0 000000011ddf3e4e
0x000070000f433740:   000000000f433878 0000000127338850
0x000070000f433750:   0000000000000000 000000010d1c7d04
0x000070000f433760:   000070000f433780 0000000000000064
0x000070000f433770:   00007fcbbf0fb208 00007fcbc09bf620
0x000070000f433780:   00007fcb0009b000 00007fcbc009b1f8
0x000070000f433790:   0000000127338850 0000000000000000
0x000070000f4337a0:   000070000f433878 00007fcbc009b000
0x000070000f4337b0:   000070000f433800 000000010d1b1aaa
0x000070000f4337c0:   0000000797bbe270 000000010545f494
0x000070000f4337d0:   0000000000000005 00007fcbc009b000
0x000070000f4337e0:   0000000797b10101 00007fcbbee83390
0x000070000f4337f0:   000070000f433800 00007fcbc009b000
0x000070000f433800:   000070000f4339d0 000000010d218afc
0x000070000f433810:   000070000f433878 00007fcbc009b000
0x000070000f433820:   000070000f433870 000000010d0dd6e8
0x000070000f433830:   0000000797b101b8 000000010bcc48c8
0x000070000f433840:   0000000127338a40 000000010bcc3900
0x000070000f433850:   0000000000000000 000070000f433880
0x000070000f433860:   0000000797bbe270 000000010d1c7d04
0x000070000f433870:   000070000f4339d0 000000010d1c7d04
0x000070000f433880:   0000000000000041 000000010bcc7498
0x000070000f433890:   0000000000000000 0000000000000000
0x000070000f4338a0:   0000000000000000 0000000100000000
0x000070000f4338b0:   00000000000000dc 0000000000000000
0x000070000f4338c0:   000070000f433960 00007fcbc009b000
0x000070000f4338d0:   000070000f433938 000000010ce26b9a
0x000070000f4338e0:   0000000100000001 0000000797649c88
0x000070000f4338f0:   0000000797b101b8 0000700000000000
0x000070000f433900:   000000010d1c6f90 000070000f433960 

Instructions: (pc=0x000000011ddd32d7)
0x000000011ddd32b7:   c0 e9 82 00 00 00 48 8b 5e 10 48 85 db 75 0e bf
0x000000011ddd32c7:   01 00 00 00 48 8d 15 0a 7e 03 00 eb d6 49 89 fe
0x000000011ddd32d7:   4c 8b 3b 30 c0 e8 d9 a8 02 00 49 8b 3f 49 89 c4
0x000000011ddd32e7:   48 8b 35 d2 03 06 00 30 c0 e8 e5 a9 02 00 48 85 

Register to memory mapping:

RAX=0x00000000ffffffff is an unknown value
RBX=0x0000000000000002 is an unknown value
RCX=0x0000000000000047 is an unknown value
RDX=0x000000011ddf4370: Java_sun_java2d_opengl_OGLRenderQueue_flushBuffer+0xb5c in /Library/Java/JavaVirtualMachines/jdk1.8.0_121.jdk/Contents/Home/jre/lib/libawt_lwawt.dylib at 0x000000011ddb7000
RSP=0x000070000f433710 is pointing into the stack for thread: 0x00007fcbc009b000
RBP=0x000070000f433730 is pointing into the stack for thread: 0x00007fcbc009b000
RSI=0x00007fcbbee8f900 is an unknown value
RDI=0x00007fcbc009b1f8 is an unknown value
R8 =0x000000000000007c is an unknown value
R9 =0x00000000001be790 is an unknown value
R10=0x000000010d1b1a38 is at entry_point+56 in (nmethod*)0x000000010d1b1890
R11=0xffffffff00000000 is an unknown value
R12=0x0000000000000000 is an unknown value
R13=0x000000010d1c7d04 is at entry_point+2500 in (nmethod*)0x000000010d1c6f90
R14=0x00007fcbc009b1f8 is an unknown value
R15=0x00007fcbc009b000 is a thread


Stack: [0x000070000f334000,0x000070000f434000],  sp=0x000070000f433710,  free space=1021k
Native frames: (J=compiled Java code, j=interpreted, Vv=VM code, C=native code)
C  [libawt_lwawt.dylib+0x1c2d7]  OGLSD_SetScratchSurface+0x49
C  [libawt_lwawt.dylib+0x3ce4e]  Java_sun_java2d_opengl_OGLRenderQueue_flushBuffer+0x63a
J 1033  sun.java2d.opengl.OGLRenderQueue.flushBuffer(JI)V (0 bytes) @ 0x000000010d1b1aaa [0x000000010d1b1a00+0xaa]
J 1140 C1 sun.java2d.opengl.OGLRenderQueue.flushBuffer()V (41 bytes) @ 0x000000010d218afc [0x000000010d2188a0+0x25c]
J 1054% C1 sun.java2d.opengl.OGLRenderQueue$QueueFlusher.run()V (234 bytes) @ 0x000000010d1c7d04 [0x000000010d1c7340+0x9c4]
v  ~StubRoutines::call_stub
V  [libjvm.dylib+0x2ed9d6]  JavaCalls::call_helper(JavaValue*, methodHandle*, JavaCallArguments*, Thread*)+0x6ae
V  [libjvm.dylib+0x2ee164]  JavaCalls::call_virtual(JavaValue*, KlassHandle, Symbol*, Symbol*, JavaCallArguments*, Thread*)+0x164
V  [libjvm.dylib+0x2ee310]  JavaCalls::call_virtual(JavaValue*, Handle, KlassHandle, Symbol*, Symbol*, Thread*)+0x4a
V  [libjvm.dylib+0x348a5d]  thread_entry(JavaThread*, Thread*)+0x7c
V  [libjvm.dylib+0x56ab0f]  JavaThread::thread_main_inner()+0x9b
V  [libjvm.dylib+0x56c1fc]  JavaThread::run()+0x1c2
V  [libjvm.dylib+0x48a5b2]  java_start(Thread*)+0xf6
C  [libsystem_pthread.dylib+0x39af]  _pthread_body+0xb4
C  [libsystem_pthread.dylib+0x38fb]  _pthread_body+0x0
C  [libsystem_pthread.dylib+0x3101]  thread_start+0xd
C  0x0000000000000000

Java frames: (J=compiled Java code, j=interpreted, Vv=VM code)
J 1033  sun.java2d.opengl.OGLRenderQueue.flushBuffer(JI)V (0 bytes) @ 0x000000010d1b1a38 [0x000000010d1b1a00+0x38]
J 1140 C1 sun.java2d.opengl.OGLRenderQueue.flushBuffer()V (41 bytes) @ 0x000000010d218afc [0x000000010d2188a0+0x25c]
J 1054% C1 sun.java2d.opengl.OGLRenderQueue$QueueFlusher.run()V (234 bytes) @ 0x000000010d1c7d04 [0x000000010d1c7340+0x9c4]
v  ~StubRoutines::call_stub

---------------  P R O C E S S  ---------------

Java Threads: ( => current thread )
  0x00007fcbbf101800 JavaThread "AWT-EventQueue-0" [_thread_blocked, id=60179, stack(0x000070000f5bd000,0x000070000f6bd000)]
  0x00007fcbbfa48000 JavaThread "Java2D Disposer" daemon [_thread_blocked, id=54287, stack(0x000070000f437000,0x000070000f537000)]
=>0x00007fcbc009b000 JavaThread "Java2D Queue Flusher" daemon [_thread_in_native, id=47727, stack(0x000070000f334000,0x000070000f434000)]
  0x00007fcbc0963000 JavaThread "AWT-Shutdown" [_thread_blocked, id=29727, stack(0x000070000f12b000,0x000070000f22b000)]
  0x00007fcbbf0c7800 JavaThread "AppKit Thread" daemon [_thread_in_native, id=775, stack(0x00007fff5a36d000,0x00007fff5ab6d000)]
  0x00007fcbc0835800 JavaThread "Service Thread" daemon [_thread_blocked, id=18435, stack(0x000070000eea2000,0x000070000efa2000)]
  0x00007fcbc0843800 JavaThread "C1 CompilerThread2" daemon [_thread_blocked, id=17923, stack(0x000070000ed9f000,0x000070000ee9f000)]
  0x00007fcbbf836800 JavaThread "C2 CompilerThread1" daemon [_thread_blocked, id=17411, stack(0x000070000ec9c000,0x000070000ed9c000)]
  0x00007fcbc000a000 JavaThread "C2 CompilerThread0" daemon [_thread_blocked, id=16899, stack(0x000070000eb99000,0x000070000ec99000)]
  0x00007fcbc000c800 JavaThread "Signal Dispatcher" daemon [_thread_blocked, id=16387, stack(0x000070000ea96000,0x000070000eb96000)]
  0x00007fcbbf024800 JavaThread "Finalizer" daemon [_thread_blocked, id=12547, stack(0x000070000e993000,0x000070000ea93000)]
  0x00007fcbc081b800 JavaThread "Reference Handler" daemon [_thread_blocked, id=12035, stack(0x000070000e890000,0x000070000e990000)]
  0x00007fcbbf00a800 JavaThread "main" [_thread_in_native, id=7171, stack(0x000070000e27e000,0x000070000e37e000)]

Other Threads:
  0x00007fcbbf020000 VMThread [stack: 0x000070000e78d000,0x000070000e88d000] [id=11523]
  0x00007fcbbf800800 WatcherThread [stack: 0x000070000efa5000,0x000070000f0a5000] [id=18947]

VM state:not at safepoint (normal execution)

VM Mutex/Monitor currently owned by a thread: None

Heap:
 PSYoungGen      total 38400K, used 2300K [0x0000000795580000, 0x0000000798000000, 0x00000007c0000000)
  eden space 33280K, 2% used [0x0000000795580000,0x000000079562b020,0x0000000797600000)
  from space 5120K, 31% used [0x0000000797b00000,0x0000000797c94010,0x0000000798000000)
  to   space 5120K, 0% used [0x0000000797600000,0x0000000797600000,0x0000000797b00000)
 ParOldGen       total 87552K, used 40K [0x0000000740000000, 0x0000000745580000, 0x0000000795580000)
  object space 87552K, 0% used [0x0000000740000000,0x000000074000a000,0x0000000745580000)
 Metaspace       used 9923K, capacity 10162K, committed 10240K, reserved 1058816K
  class space    used 1155K, capacity 1247K, committed 1280K, reserved 1048576K

Card table byte_map: [0x0000000106dc0000,0x00000001071c1000] byte_map_base: 0x00000001033c0000

Marking Bits: (ParMarkBitMap*) 0x0000000105a00d30
 Begin Bits: [0x000000010746c000, 0x000000010946c000)
 End Bits:   [0x000000010946c000, 0x000000010b46c000)

Polling page: 0x00000001060f5000

CodeCache: size=245760Kb used=4170Kb max_used=4170Kb free=241589Kb
 bounds [0x000000010ce06000, 0x000000010d226000, 0x000000011be06000]
 total_blobs=1630 nmethods=1139 adapters=404
 compilation: enabled

Compilation events (10 events):
Event: 22132.348 Thread 0x00007fcbc0843800 1138       3       java.awt.Polygon::<init> (64 bytes)
Event: 22132.350 Thread 0x00007fcbc0843800 nmethod 1138 0x000000010d219850 code [0x000000010d219a40, 0x000000010d21a338]
Event: 22132.445 Thread 0x00007fcbc0843800 1139       3       java.awt.geom.AffineTransform::equals (92 bytes)
Event: 22132.446 Thread 0x00007fcbc0843800 nmethod 1139 0x000000010d218fd0 code [0x000000010d219160, 0x000000010d219770]
Event: 22132.541 Thread 0x00007fcbc0843800 1140       3       sun.java2d.opengl.OGLRenderQueue::flushBuffer (41 bytes)
Event: 22132.542 Thread 0x00007fcbc0843800 nmethod 1140 0x000000010d218710 code [0x000000010d2188a0, 0x000000010d218df8]
Event: 22132.883 Thread 0x00007fcbc0843800 1141   !   3       java.lang.ref.Reference::tryHandlePending (115 bytes)
Event: 22132.885 Thread 0x00007fcbc0843800 nmethod 1141 0x000000010d21b8d0 code [0x000000010d21bb00, 0x000000010d21c7c8]
Event: 22132.885 Thread 0x00007fcbc0843800 1142   !   3       java.awt.event.InvocationEvent::finishedDispatching (53 bytes)
Event: 22132.885 Thread 0x00007fcbc0843800 nmethod 1142 0x000000010d21ccd0 code [0x000000010d21ce60, 0x000000010d21d378]

GC Heap History (8 events):
Event: 17.201 GC heap before
{Heap before GC invocations=1 (full 0):
 PSYoungGen      total 38400K, used 33280K [0x0000000795580000, 0x0000000798000000, 0x00000007c0000000)
  eden space 33280K, 100% used [0x0000000795580000,0x0000000797600000,0x0000000797600000)
  from space 5120K, 0% used [0x0000000797b00000,0x0000000797b00000,0x0000000798000000)
  to   space 5120K, 0% used [0x0000000797600000,0x0000000797600000,0x0000000797b00000)
 ParOldGen       total 87552K, used 0K [0x0000000740000000, 0x0000000745580000, 0x0000000795580000)
  object space 87552K, 0% used [0x0000000740000000,0x0000000740000000,0x0000000745580000)
 Metaspace       used 9521K, capacity 9734K, committed 9984K, reserved 1058816K
  class space    used 1139K, capacity 1215K, committed 1280K, reserved 1048576K
Event: 17.205 GC heap after
Heap after GC invocations=1 (full 0):
 PSYoungGen      total 38400K, used 1744K [0x0000000795580000, 0x0000000798000000, 0x00000007c0000000)
  eden space 33280K, 0% used [0x0000000795580000,0x0000000795580000,0x0000000797600000)
  from space 5120K, 34% used [0x0000000797600000,0x00000007977b4010,0x0000000797b00000)
  to   space 5120K, 0% used [0x0000000797b00000,0x0000000797b00000,0x0000000798000000)
 ParOldGen       total 87552K, used 16K [0x0000000740000000, 0x0000000745580000, 0x0000000795580000)
  object space 87552K, 0% used [0x0000000740000000,0x0000000740004000,0x0000000745580000)
 Metaspace       used 9521K, capacity 9734K, committed 9984K, reserved 1058816K
  class space    used 1139K, capacity 1215K, committed 1280K, reserved 1048576K
}
Event: 27.466 GC heap before
{Heap before GC invocations=2 (full 0):
 PSYoungGen      total 38400K, used 35024K [0x0000000795580000, 0x0000000798000000, 0x00000007c0000000)
  eden space 33280K, 100% used [0x0000000795580000,0x0000000797600000,0x0000000797600000)
  from space 5120K, 34% used [0x0000000797600000,0x00000007977b4010,0x0000000797b00000)
  to   space 5120K, 0% used [0x0000000797b00000,0x0000000797b00000,0x0000000798000000)
 ParOldGen       total 87552K, used 16K [0x0000000740000000, 0x0000000745580000, 0x0000000795580000)
  object space 87552K, 0% used [0x0000000740000000,0x0000000740004000,0x0000000745580000)
 Metaspace       used 9601K, capacity 9806K, committed 9984K, reserved 1058816K
  class space    used 1139K, capacity 1215K, committed 1280K, reserved 1048576K
Event: 27.471 GC heap after
Heap after GC invocations=2 (full 0):
 PSYoungGen      total 38400K, used 1760K [0x0000000795580000, 0x0000000798000000, 0x00000007c0000000)
  eden space 33280K, 0% used [0x0000000795580000,0x0000000795580000,0x0000000797600000)
  from space 5120K, 34% used [0x0000000797b00000,0x0000000797cb8020,0x0000000798000000)
  to   space 5120K, 0% used [0x0000000797600000,0x0000000797600000,0x0000000797b00000)
 ParOldGen       total 87552K, used 24K [0x0000000740000000, 0x0000000745580000, 0x0000000795580000)
  object space 87552K, 0% used [0x0000000740000000,0x0000000740006000,0x0000000745580000)
 Metaspace       used 9601K, capacity 9806K, committed 9984K, reserved 1058816K
  class space    used 1139K, capacity 1215K, committed 1280K, reserved 1048576K
}
Event: 7864.039 GC heap before
{Heap before GC invocations=3 (full 0):
 PSYoungGen      total 38400K, used 33060K [0x0000000795580000, 0x0000000798000000, 0x00000007c0000000)
  eden space 33280K, 94% used [0x0000000795580000,0x0000000797411200,0x0000000797600000)
  from space 5120K, 34% used [0x0000000797b00000,0x0000000797cb8020,0x0000000798000000)
  to   space 5120K, 0% used [0x0000000797600000,0x0000000797600000,0x0000000797b00000)
 ParOldGen       total 87552K, used 24K [0x0000000740000000, 0x0000000745580000, 0x0000000795580000)
  object space 87552K, 0% used [0x0000000740000000,0x0000000740006000,0x0000000745580000)
 Metaspace       used 9741K, capacity 9934K, committed 10240K, reserved 1058816K
  class space    used 1145K, capacity 1215K, committed 1280K, reserved 1048576K
Event: 7864.101 GC heap after
Heap after GC invocations=3 (full 0):
 PSYoungGen      total 38400K, used 1760K [0x0000000795580000, 0x0000000798000000, 0x00000007c0000000)
  eden space 33280K, 0% used [0x0000000795580000,0x0000000795580000,0x0000000797600000)
  from space 5120K, 34% used [0x0000000797600000,0x00000007977b8000,0x0000000797b00000)
  to   space 5120K, 0% used [0x0000000797b00000,0x0000000797b00000,0x0000000798000000)
 ParOldGen       total 87552K, used 32K [0x0000000740000000, 0x0000000745580000, 0x0000000795580000)
  object space 87552K, 0% used [0x0000000740000000,0x0000000740008000,0x0000000745580000)
 Metaspace       used 9741K, capacity 9934K, committed 10240K, reserved 1058816K
  class space    used 1145K, capacity 1215K, committed 1280K, reserved 1048576K
}
Event: 22132.870 GC heap before
{Heap before GC invocations=4 (full 0):
 PSYoungGen      total 38400K, used 35040K [0x0000000795580000, 0x0000000798000000, 0x00000007c0000000)
  eden space 33280K, 100% used [0x0000000795580000,0x0000000797600000,0x0000000797600000)
  from space 5120K, 34% used [0x0000000797600000,0x00000007977b8000,0x0000000797b00000)
  to   space 5120K, 0% used [0x0000000797b00000,0x0000000797b00000,0x0000000798000000)
 ParOldGen       total 87552K, used 32K [0x0000000740000000, 0x0000000745580000, 0x0000000795580000)
  object space 87552K, 0% used [0x0000000740000000,0x0000000740008000,0x0000000745580000)
 Metaspace       used 9921K, capacity 10162K, committed 10240K, reserved 1058816K
  class space    used 1155K, capacity 1247K, committed 1280K, reserved 1048576K
Event: 22132.882 GC heap after
Heap after GC invocations=4 (full 0):
 PSYoungGen      total 38400K, used 1616K [0x0000000795580000, 0x0000000798000000, 0x00000007c0000000)
  eden space 33280K, 0% used [0x0000000795580000,0x0000000795580000,0x0000000797600000)
  from space 5120K, 31% used [0x0000000797b00000,0x0000000797c94010,0x0000000798000000)
  to   space 5120K, 0% used [0x0000000797600000,0x0000000797600000,0x0000000797b00000)
 ParOldGen       total 87552K, used 40K [0x0000000740000000, 0x0000000745580000, 0x0000000795580000)
  object space 87552K, 0% used [0x0000000740000000,0x000000074000a000,0x0000000745580000)
 Metaspace       used 9921K, capacity 10162K, committed 10240K, reserved 1058816K
  class space    used 1155K, capacity 1247K, committed 1280K, reserved 1048576K
}

Deoptimization events (10 events):
Event: 17.206 Thread 0x00007fcbbf101800 Uncommon trap: reason=unstable_if action=reinterpret pc=0x000000010d0c5a6c method=sun.java2d.pipe.BufferedContext.validate(Lsun/java2d/pipe/hw/AccelSurface;Lsun/java2d/pipe/hw/AccelSurface;Lsun/java2d/pipe/Region;Ljava/awt/Composite;Ljava/awt/geom/AffineT
Event: 7863.877 Thread 0x00007fcbbf0c7800 Uncommon trap: reason=class_check action=maybe_recompile pc=0x000000010d0d04a8 method=sun.java2d.opengl.OGLRenderer.validateContext(Lsun/java2d/SunGraphics2D;)V @ 23
Event: 7863.877 Thread 0x00007fcbbf0c7800 Uncommon trap: reason=null_check action=make_not_entrant pc=0x000000010d128a08 method=sun.java2d.pipe.BufferedContext.validate(Lsun/java2d/pipe/hw/AccelSurface;Lsun/java2d/pipe/hw/AccelSurface;Lsun/java2d/pipe/Region;Ljava/awt/Composite;Ljava/awt/geom/Aff
Event: 7864.169 Thread 0x00007fcbbf0c7800 Uncommon trap: reason=class_check action=maybe_recompile pc=0x000000010d0d04a8 method=sun.java2d.opengl.OGLRenderer.validateContext(Lsun/java2d/SunGraphics2D;)V @ 23
Event: 7864.203 Thread 0x00007fcbbf0c7800 Uncommon trap: reason=class_check action=maybe_recompile pc=0x000000010d0d04a8 method=sun.java2d.opengl.OGLRenderer.validateContext(Lsun/java2d/SunGraphics2D;)V @ 23
Event: 7864.279 Thread 0x00007fcbbf101800 Uncommon trap: reason=unstable_if action=reinterpret pc=0x000000010d0c2f5c method=java.awt.geom.AffineTransform.equals(Ljava/lang/Object;)Z @ 23
Event: 15107.647 Thread 0x00007fcbc009b000 Uncommon trap: reason=class_check action=maybe_recompile pc=0x000000010d1b8d14 method=sun.java2d.opengl.OGLRenderQueue$QueueFlusher.run()V @ 95
Event: 15107.891 Thread 0x00007fcbbf0c7800 Uncommon trap: reason=class_check action=maybe_recompile pc=0x000000010d153edc method=sun.java2d.opengl.OGLRenderer.validateContext(Lsun/java2d/SunGraphics2D;)V @ 23
Event: 15107.899 Thread 0x00007fcbbf0c7800 Uncommon trap: reason=class_check action=maybe_recompile pc=0x000000010d0d04a8 method=sun.java2d.opengl.OGLRenderer.validateContext(Lsun/java2d/SunGraphics2D;)V @ 23
Event: 18580.022 Thread 0x00007fcbc009b000 Uncommon trap: reason=unstable_if action=reinterpret pc=0x000000010d1b8c5c method=sun.java2d.opengl.OGLRenderQueue$QueueFlusher.run()V @ 47

Internal exceptions (10 events):
Event: 0.192 Thread 0x00007fcbbf00a800 Exception <a 'java/security/PrivilegedActionException'> (0x0000000795614150) thrown at [/Users/java_re/workspace/8-2-build-macosx-x86_64/jdk8u121/8372/hotspot/src/share/vm/prims/jvm.cpp, line 1390]
Event: 0.192 Thread 0x00007fcbbf00a800 Exception <a 'java/security/PrivilegedActionException'> (0x0000000795614360) thrown at [/Users/java_re/workspace/8-2-build-macosx-x86_64/jdk8u121/8372/hotspot/src/share/vm/prims/jvm.cpp, line 1390]
Event: 0.193 Thread 0x00007fcbbf00a800 Exception <a 'java/security/PrivilegedActionException'> (0x0000000795617690) thrown at [/Users/java_re/workspace/8-2-build-macosx-x86_64/jdk8u121/8372/hotspot/src/share/vm/prims/jvm.cpp, line 1390]
Event: 0.193 Thread 0x00007fcbbf00a800 Exception <a 'java/security/PrivilegedActionException'> (0x00000007956178a0) thrown at [/Users/java_re/workspace/8-2-build-macosx-x86_64/jdk8u121/8372/hotspot/src/share/vm/prims/jvm.cpp, line 1390]
Event: 0.265 Thread 0x00007fcbbf00a800 Exception <a 'java/lang/NoSuchFieldError': method resolution failed> (0x000000079578bc48) thrown at [/Users/java_re/workspace/8-2-build-macosx-x86_64/jdk8u121/8372/hotspot/src/share/vm/prims/methodHandles.cpp, line 1146]
Event: 0.268 Thread 0x00007fcbbf00a800 Exception <a 'java/lang/NoSuchFieldError': method resolution failed> (0x0000000795799418) thrown at [/Users/java_re/workspace/8-2-build-macosx-x86_64/jdk8u121/8372/hotspot/src/share/vm/prims/methodHandles.cpp, line 1146]
Event: 0.585 Thread 0x00007fcbbf00a800 Exception <a 'java/io/FileNotFoundException'> (0x0000000795813fb0) thrown at [/Users/java_re/workspace/8-2-build-macosx-x86_64/jdk8u121/8372/hotspot/src/share/vm/prims/jni.cpp, line 709]
Event: 0.586 Thread 0x00007fcbbf00a800 Exception <a 'java/io/FileNotFoundException'> (0x0000000795814b38) thrown at [/Users/java_re/workspace/8-2-build-macosx-x86_64/jdk8u121/8372/hotspot/src/share/vm/prims/jni.cpp, line 709]
Event: 17.205 Thread 0x00007fcbbf024800 Exception <a 'java/lang/NullPointerException'> (0x0000000795672f38) thrown at [/Users/java_re/workspace/8-2-build-macosx-x86_64/jdk8u121/8372/hotspot/src/share/vm/interpreter/linkResolver.cpp, line 1178]
Event: 7863.877 Thread 0x00007fcbbf0c7800 Implicit null exception at 0x000000010d1276b0 to 0x000000010d1289c9

Events (10 events):
Event: 15107.892 Thread 0x00007fcbbf0c7800 DEOPT PACKING pc=0x000000010d153edc sp=0x00007fff5ab68160
Event: 15107.892 Thread 0x00007fcbbf0c7800 DEOPT UNPACKING pc=0x000000010ce0b229 sp=0x00007fff5ab680c8 mode 2
Event: 15107.899 Thread 0x00007fcbbf0c7800 Uncommon trap: trap_request=0xffffffde fr.pc=0x000000010d0d04a8
Event: 15107.899 Thread 0x00007fcbbf0c7800 DEOPT PACKING pc=0x000000010d0d04a8 sp=0x00007fff5ab680d0
Event: 15107.899 Thread 0x00007fcbbf0c7800 DEOPT UNPACKING pc=0x000000010ce0b229 sp=0x00007fff5ab680b0 mode 2
Event: 18580.022 Thread 0x00007fcbc009b000 Uncommon trap: trap_request=0xffffff65 fr.pc=0x000000010d1b8c5c
Event: 18580.023 Thread 0x00007fcbc009b000 DEOPT PACKING pc=0x000000010d1b8c5c sp=0x000070000f433910
Event: 18580.023 Thread 0x00007fcbc009b000 DEOPT UNPACKING pc=0x000000010ce0b229 sp=0x000070000f4338d0 mode 2
Event: 22132.870 Executing VM operation: ParallelGCFailedAllocation
Event: 22132.882 Executing VM operation: ParallelGCFailedAllocation done


Dynamic libraries:
0x000000001671d000 	/System/Library/Frameworks/Cocoa.framework/Versions/A/Cocoa
0x000000001671d000 	/System/Library/Frameworks/Security.framework/Versions/A/Security
0x000000001671d000 	/System/Library/Frameworks/ApplicationServices.framework/Versions/A/ApplicationServices
0x000000001671d000 	/usr/lib/libz.1.dylib
0x000000001671d000 	/usr/lib/libSystem.B.dylib
0x000000001671d000 	/usr/lib/libobjc.A.dylib
0x000000001671d000 	/System/Library/Frameworks/CoreFoundation.framework/Versions/A/CoreFoundation
0x000000001671d000 	/System/Library/Frameworks/Foundation.framework/Versions/C/Foundation
0x000000001671d000 	/System/Library/Frameworks/AppKit.framework/Versions/C/AppKit
0x000000001671d000 	/System/Library/Frameworks/CoreData.framework/Versions/A/CoreData
0x000000001671d000 	/System/Library/PrivateFrameworks/RemoteViewServices.framework/Versions/A/RemoteViewServices
0x000000001671d000 	/System/Library/PrivateFrameworks/UIFoundation.framework/Versions/A/UIFoundation
0x000000001671d000 	/System/Library/PrivateFrameworks/DFRFoundation.framework/Versions/A/DFRFoundation
0x000000001671d000 	/usr/lib/libenergytrace.dylib
0x000000001671d000 	/System/Library/PrivateFrameworks/SkyLight.framework/Versions/A/SkyLight
0x000000001671d000 	/System/Library/Frameworks/CoreGraphics.framework/Versions/A/CoreGraphics
0x000000001671d000 	/usr/lib/libScreenReader.dylib
0x000000001671d000 	/System/Library/Frameworks/Accelerate.framework/Versions/A/Accelerate
0x000000001671d000 	/System/Library/Frameworks/IOSurface.framework/Versions/A/IOSurface
0x000000001671d000 	/System/Library/Frameworks/AudioToolbox.framework/Versions/A/AudioToolbox
0x000000001671d000 	/System/Library/Frameworks/AudioUnit.framework/Versions/A/AudioUnit
0x000000001671d000 	/System/Library/PrivateFrameworks/DataDetectorsCore.framework/Versions/A/DataDetectorsCore
0x000000001671d000 	/System/Library/PrivateFrameworks/DesktopServicesPriv.framework/Versions/A/DesktopServicesPriv
0x000000001671d000 	/System/Library/Frameworks/Carbon.framework/Versions/A/Frameworks/HIToolbox.framework/Versions/A/HIToolbox
0x000000001671d000 	/usr/lib/libicucore.A.dylib
0x000000001671d000 	/System/Library/Frameworks/QuartzCore.framework/Versions/A/QuartzCore
0x000000001671d000 	/System/Library/Frameworks/Carbon.framework/Versions/A/Frameworks/SpeechRecognition.framework/Versions/A/SpeechRecognition
0x000000001671d000 	/usr/lib/libauto.dylib
0x000000001671d000 	/usr/lib/libxml2.2.dylib
0x000000001671d000 	/System/Library/PrivateFrameworks/CoreUI.framework/Versions/A/CoreUI
0x000000001671d000 	/System/Library/Frameworks/CoreAudio.framework/Versions/A/CoreAudio
0x000000001671d000 	/System/Library/Frameworks/DiskArbitration.framework/Versions/A/DiskArbitration
0x000000001671d000 	/usr/lib/liblangid.dylib
0x000000001671d000 	/System/Library/PrivateFrameworks/MultitouchSupport.framework/Versions/A/MultitouchSupport
0x000000001671d000 	/System/Library/Frameworks/IOKit.framework/Versions/A/IOKit
0x000000001671d000 	/usr/lib/libDiagnosticMessagesClient.dylib
0x000000001671d000 	/System/Library/Frameworks/CoreServices.framework/Versions/A/CoreServices
0x000000001671d000 	/System/Library/PrivateFrameworks/PerformanceAnalysis.framework/Versions/A/PerformanceAnalysis
0x000000001671d000 	/System/Library/PrivateFrameworks/GenerationalStorage.framework/Versions/A/GenerationalStorage
0x000000001671d000 	/System/Library/Frameworks/OpenGL.framework/Versions/A/OpenGL
0x000000001671d000 	/System/Library/Frameworks/CoreImage.framework/Versions/A/CoreImage
0x000000001671d000 	/System/Library/Frameworks/CoreText.framework/Versions/A/CoreText
0x000000001671d000 	/System/Library/Frameworks/ImageIO.framework/Versions/A/ImageIO
0x000000001671d000 	/System/Library/PrivateFrameworks/Backup.framework/Versions/A/Backup
0x000000001671d000 	/usr/lib/libarchive.2.dylib
0x000000001671d000 	/System/Library/Frameworks/CFNetwork.framework/Versions/A/CFNetwork
0x000000001671d000 	/System/Library/Frameworks/SystemConfiguration.framework/Versions/A/SystemConfiguration
0x000000001671d000 	/usr/lib/libCRFSuite.dylib
0x000000001671d000 	/usr/lib/libc++.1.dylib
0x000000001671d000 	/usr/lib/libc++abi.dylib
0x000000001671d000 	/usr/lib/system/libcache.dylib
0x000000001671d000 	/usr/lib/system/libcommonCrypto.dylib
0x000000001671d000 	/usr/lib/system/libcompiler_rt.dylib
0x000000001671d000 	/usr/lib/system/libcopyfile.dylib
0x000000001671d000 	/usr/lib/system/libcorecrypto.dylib
0x000000001671d000 	/usr/lib/system/libdispatch.dylib
0x000000001671d000 	/usr/lib/system/libdyld.dylib
0x000000001671d000 	/usr/lib/system/libkeymgr.dylib
0x000000001671d000 	/usr/lib/system/liblaunch.dylib
0x000000001671d000 	/usr/lib/system/libmacho.dylib
0x000000001671d000 	/usr/lib/system/libquarantine.dylib
0x000000001671d000 	/usr/lib/system/libremovefile.dylib
0x000000001671d000 	/usr/lib/system/libsystem_asl.dylib
0x000000001671d000 	/usr/lib/system/libsystem_blocks.dylib
0x000000001671d000 	/usr/lib/system/libsystem_c.dylib
0x000000001671d000 	/usr/lib/system/libsystem_configuration.dylib
0x000000001671d000 	/usr/lib/system/libsystem_coreservices.dylib
0x000000001671d000 	/usr/lib/system/libsystem_coretls.dylib
0x000000001671d000 	/usr/lib/system/libsystem_dnssd.dylib
0x000000001671d000 	/usr/lib/system/libsystem_info.dylib
0x000000001671d000 	/usr/lib/system/libsystem_kernel.dylib
0x000000001671d000 	/usr/lib/system/libsystem_m.dylib
0x000000001671d000 	/usr/lib/system/libsystem_malloc.dylib
0x000000001671d000 	/usr/lib/system/libsystem_network.dylib
0x000000001671d000 	/usr/lib/system/libsystem_networkextension.dylib
0x000000001671d000 	/usr/lib/system/libsystem_notify.dylib
0x000000001671d000 	/usr/lib/system/libsystem_platform.dylib
0x000000001671d000 	/usr/lib/system/libsystem_pthread.dylib
0x000000001671d000 	/usr/lib/system/libsystem_sandbox.dylib
0x000000001671d000 	/usr/lib/system/libsystem_secinit.dylib
0x000000001671d000 	/usr/lib/system/libsystem_symptoms.dylib
0x000000001671d000 	/usr/lib/system/libsystem_trace.dylib
0x000000001671d000 	/usr/lib/system/libunwind.dylib
0x000000001671d000 	/usr/lib/system/libxpc.dylib
0x000000001671d000 	/usr/lib/libbsm.0.dylib
0x000000001671d000 	/usr/lib/system/libkxld.dylib
0x000000001671d000 	/usr/lib/libcoretls.dylib
0x000000001671d000 	/usr/lib/libcoretls_cfhelpers.dylib
0x000000001671d000 	/usr/lib/libOpenScriptingUtil.dylib
0x000000001671d000 	/usr/lib/libpam.2.dylib
0x000000001671d000 	/usr/lib/libsqlite3.dylib
0x000000001671d000 	/usr/lib/libxar.1.dylib
0x000000001671d000 	/usr/lib/libbz2.1.0.dylib
0x000000001671d000 	/usr/lib/liblzma.5.dylib
0x000000001671d000 	/usr/lib/libnetwork.dylib
0x000000001671d000 	/usr/lib/libpcap.A.dylib
0x000000001671d000 	/System/Library/Frameworks/CoreServices.framework/Versions/A/Frameworks/FSEvents.framework/Versions/A/FSEvents
0x000000001671d000 	/System/Library/Frameworks/CoreServices.framework/Versions/A/Frameworks/CarbonCore.framework/Versions/A/CarbonCore
0x000000001671d000 	/System/Library/Frameworks/CoreServices.framework/Versions/A/Frameworks/Metadata.framework/Versions/A/Metadata
0x000000001671d000 	/System/Library/Frameworks/CoreServices.framework/Versions/A/Frameworks/OSServices.framework/Versions/A/OSServices
0x000000001671d000 	/System/Library/Frameworks/CoreServices.framework/Versions/A/Frameworks/SearchKit.framework/Versions/A/SearchKit
0x000000001671d000 	/System/Library/Frameworks/CoreServices.framework/Versions/A/Frameworks/AE.framework/Versions/A/AE
0x000000001671d000 	/System/Library/Frameworks/CoreServices.framework/Versions/A/Frameworks/LaunchServices.framework/Versions/A/LaunchServices
0x000000001671d000 	/System/Library/Frameworks/CoreServices.framework/Versions/A/Frameworks/DictionaryServices.framework/Versions/A/DictionaryServices
0x000000001671d000 	/System/Library/Frameworks/CoreServices.framework/Versions/A/Frameworks/SharedFileList.framework/Versions/A/SharedFileList
0x000000001671d000 	/System/Library/Frameworks/NetFS.framework/Versions/A/NetFS
0x000000001671d000 	/System/Library/PrivateFrameworks/NetAuth.framework/Versions/A/NetAuth
0x000000001671d000 	/System/Library/PrivateFrameworks/login.framework/Versions/A/Frameworks/loginsupport.framework/Versions/A/loginsupport
0x000000001671d000 	/System/Library/PrivateFrameworks/TCC.framework/Versions/A/TCC
0x000000001671d000 	/usr/lib/libmecabra.dylib
0x000000001671d000 	/System/Library/Frameworks/ApplicationServices.framework/Versions/A/Frameworks/ATS.framework/Versions/A/ATS
0x000000001671d000 	/System/Library/Frameworks/ApplicationServices.framework/Versions/A/Frameworks/ColorSync.framework/Versions/A/ColorSync
0x000000001671d000 	/System/Library/Frameworks/ApplicationServices.framework/Versions/A/Frameworks/HIServices.framework/Versions/A/HIServices
0x000000001671d000 	/System/Library/Frameworks/ApplicationServices.framework/Versions/A/Frameworks/LangAnalysis.framework/Versions/A/LangAnalysis
0x000000001671d000 	/System/Library/Frameworks/ApplicationServices.framework/Versions/A/Frameworks/PrintCore.framework/Versions/A/PrintCore
0x000000001671d000 	/System/Library/Frameworks/ApplicationServices.framework/Versions/A/Frameworks/QD.framework/Versions/A/QD
0x000000001671d000 	/System/Library/Frameworks/ApplicationServices.framework/Versions/A/Frameworks/SpeechSynthesis.framework/Versions/A/SpeechSynthesis
0x000000001671d000 	/System/Library/Frameworks/Accelerate.framework/Versions/A/Frameworks/vImage.framework/Versions/A/vImage
0x000000001671d000 	/System/Library/Frameworks/Accelerate.framework/Versions/A/Frameworks/vecLib.framework/Versions/A/vecLib
0x000000001671d000 	/System/Library/Frameworks/Accelerate.framework/Versions/A/Frameworks/vecLib.framework/Versions/A/libvDSP.dylib
0x000000001671d000 	/System/Library/Frameworks/Accelerate.framework/Versions/A/Frameworks/vecLib.framework/Versions/A/libBNNS.dylib
0x000000001671d000 	/System/Library/Frameworks/Accelerate.framework/Versions/A/Frameworks/vecLib.framework/Versions/A/libQuadrature.dylib
0x000000001671d000 	/System/Library/Frameworks/Accelerate.framework/Versions/A/Frameworks/vecLib.framework/Versions/A/libvMisc.dylib
0x000000001671d000 	/System/Library/Frameworks/Accelerate.framework/Versions/A/Frameworks/vecLib.framework/Versions/A/libLAPACK.dylib
0x000000001671d000 	/System/Library/Frameworks/Accelerate.framework/Versions/A/Frameworks/vecLib.framework/Versions/A/libBLAS.dylib
0x000000001671d000 	/System/Library/Frameworks/Accelerate.framework/Versions/A/Frameworks/vecLib.framework/Versions/A/libLinearAlgebra.dylib
0x000000001671d000 	/System/Library/Frameworks/Accelerate.framework/Versions/A/Frameworks/vecLib.framework/Versions/A/libSparseBLAS.dylib
0x000000001671d000 	/System/Library/Frameworks/ApplicationServices.framework/Versions/A/Frameworks/ATS.framework/Versions/A/Resources/libFontParser.dylib
0x000000001671d000 	/System/Library/Frameworks/ApplicationServices.framework/Versions/A/Frameworks/ATS.framework/Versions/A/Resources/libFontRegistry.dylib
0x000000001671d000 	/System/Library/Frameworks/ImageIO.framework/Versions/A/Resources/libJPEG.dylib
0x000000001671d000 	/System/Library/Frameworks/ImageIO.framework/Versions/A/Resources/libTIFF.dylib
0x000000001671d000 	/System/Library/Frameworks/ImageIO.framework/Versions/A/Resources/libPng.dylib
0x000000001671d000 	/System/Library/Frameworks/ImageIO.framework/Versions/A/Resources/libGIF.dylib
0x000000001671d000 	/System/Library/Frameworks/ImageIO.framework/Versions/A/Resources/libJP2.dylib
0x000000001671d000 	/System/Library/Frameworks/ImageIO.framework/Versions/A/Resources/libRadiance.dylib
0x000000001671d000 	/usr/lib/libcompression.dylib
0x000000001671d000 	/System/Library/PrivateFrameworks/AppleJPEG.framework/Versions/A/AppleJPEG
0x000000001671d000 	/usr/lib/libcups.2.dylib
0x000000001671d000 	/System/Library/Frameworks/Kerberos.framework/Versions/A/Kerberos
0x000000001671d000 	/System/Library/Frameworks/GSS.framework/Versions/A/GSS
0x000000001671d000 	/usr/lib/libresolv.9.dylib
0x000000001671d000 	/usr/lib/libiconv.2.dylib
0x000000001671d000 	/System/Library/PrivateFrameworks/Heimdal.framework/Versions/A/Heimdal
0x000000001671d000 	/usr/lib/libheimdal-asn1.dylib
0x000000001671d000 	/System/Library/Frameworks/OpenDirectory.framework/Versions/A/OpenDirectory
0x000000001671d000 	/System/Library/PrivateFrameworks/CommonAuth.framework/Versions/A/CommonAuth
0x000000001671d000 	/System/Library/Frameworks/OpenDirectory.framework/Versions/A/Frameworks/CFOpenDirectory.framework/Versions/A/CFOpenDirectory
0x000000001671d000 	/System/Library/Frameworks/SecurityFoundation.framework/Versions/A/SecurityFoundation
0x000000001671d000 	/System/Library/PrivateFrameworks/LanguageModeling.framework/Versions/A/LanguageModeling
0x000000001671d000 	/usr/lib/libmarisa.dylib
0x000000001671d000 	/usr/lib/libChineseTokenizer.dylib
0x000000001671d000 	/usr/lib/libcmph.dylib
0x000000001671d000 	/System/Library/PrivateFrameworks/CoreEmoji.framework/Versions/A/CoreEmoji
0x000000001671d000 	/System/Library/Frameworks/ServiceManagement.framework/Versions/A/ServiceManagement
0x000000001671d000 	/usr/lib/libxslt.1.dylib
0x000000001671d000 	/System/Library/Frameworks/Carbon.framework/Versions/A/Frameworks/Ink.framework/Versions/A/Ink
0x000000001671d000 	/System/Library/PrivateFrameworks/TextureIO.framework/Versions/A/TextureIO
0x000000001671d000 	/System/Library/Frameworks/Metal.framework/Versions/A/Metal
0x000000001671d000 	/usr/lib/libate.dylib
0x000000001671d000 	/System/Library/PrivateFrameworks/GPUCompiler.framework/libmetal_timestamp.dylib
0x000000001671d000 	/System/Library/Frameworks/OpenGL.framework/Versions/A/Libraries/libCoreFSCache.dylib
0x000000001671d000 	/System/Library/PrivateFrameworks/IOAccelerator.framework/Versions/A/IOAccelerator
0x000000001671d000 	/System/Library/Frameworks/CoreVideo.framework/Versions/A/CoreVideo
0x000000001671d000 	/usr/lib/libFosl_dynamic.dylib
0x000000001671d000 	/System/Library/PrivateFrameworks/MetalPerformanceShaders.framework/Versions/A/MetalPerformanceShaders
0x000000001671d000 	/System/Library/PrivateFrameworks/FaceCore.framework/Versions/A/FaceCore
0x000000001671d000 	/System/Library/Frameworks/OpenCL.framework/Versions/A/OpenCL
0x000000001671d000 	/System/Library/Frameworks/OpenGL.framework/Versions/A/Libraries/libGLU.dylib
0x000000001671d000 	/System/Library/Frameworks/OpenGL.framework/Versions/A/Libraries/libGFXShared.dylib
0x000000001671d000 	/System/Library/Frameworks/OpenGL.framework/Versions/A/Libraries/libGL.dylib
0x000000001671d000 	/System/Library/Frameworks/OpenGL.framework/Versions/A/Libraries/libGLImage.dylib
0x000000001671d000 	/System/Library/Frameworks/OpenGL.framework/Versions/A/Libraries/libCVMSPluginSupport.dylib
0x000000001671d000 	/System/Library/Frameworks/OpenGL.framework/Versions/A/Libraries/libCoreVMClient.dylib
0x000000001671d000 	/System/Library/PrivateFrameworks/CrashReporterSupport.framework/Versions/A/CrashReporterSupport
0x000000001671d000 	/System/Library/PrivateFrameworks/Sharing.framework/Versions/A/Sharing
0x000000001671d000 	/System/Library/PrivateFrameworks/IconServices.framework/Versions/A/IconServices
0x000000001671d000 	/System/Library/PrivateFrameworks/ProtocolBuffer.framework/Versions/A/ProtocolBuffer
0x000000001671d000 	/System/Library/PrivateFrameworks/Apple80211.framework/Versions/A/Apple80211
0x000000001671d000 	/System/Library/Frameworks/CoreWLAN.framework/Versions/A/CoreWLAN
0x000000001671d000 	/System/Library/PrivateFrameworks/CoreUtils.framework/Versions/A/CoreUtils
0x000000001671d000 	/System/Library/Frameworks/IOBluetooth.framework/Versions/A/IOBluetooth
0x000000001671d000 	/System/Library/PrivateFrameworks/CoreWiFi.framework/Versions/A/CoreWiFi
0x000000001671d000 	/System/Library/Frameworks/CoreBluetooth.framework/Versions/A/CoreBluetooth
0x000000001671d000 	/System/Library/Frameworks/CoreDisplay.framework/Versions/A/CoreDisplay
0x000000001671d000 	/System/Library/PrivateFrameworks/IOPresentment.framework/Versions/A/IOPresentment
0x000000001671d000 	/System/Library/PrivateFrameworks/DSExternalDisplay.framework/Versions/A/DSExternalDisplay
0x000000001671d000 	/System/Library/PrivateFrameworks/DebugSymbols.framework/Versions/A/DebugSymbols
0x000000001671d000 	/System/Library/PrivateFrameworks/CoreSymbolication.framework/Versions/A/CoreSymbolication
0x000000001671d000 	/System/Library/PrivateFrameworks/Symbolication.framework/Versions/A/Symbolication
0x000000001671d000 	/System/Library/PrivateFrameworks/AppleFSCompression.framework/Versions/A/AppleFSCompression
0x000000001671d000 	/System/Library/PrivateFrameworks/SpeechRecognitionCore.framework/Versions/A/SpeechRecognitionCore
0x000000001671d000 	/System/Library/PrivateFrameworks/ChunkingLibrary.framework/Versions/A/ChunkingLibrary
0x0000000105110000 	/Library/Java/JavaVirtualMachines/jdk1.8.0_121.jdk/Contents/Home/jre/lib/server/libjvm.dylib
0x000000001671d000 	/usr/lib/libstdc++.6.dylib
0x00000001060b2000 	/Library/Java/JavaVirtualMachines/jdk1.8.0_121.jdk/Contents/Home/jre/lib/libverify.dylib
0x00000001060c0000 	/Library/Java/JavaVirtualMachines/jdk1.8.0_121.jdk/Contents/Home/jre/lib/libjava.dylib
0x00000001060ff000 	/Library/Java/JavaVirtualMachines/jdk1.8.0_121.jdk/Contents/Home/jre/lib/libzip.dylib
0x000000011c306000 	/System/Library/Frameworks/JavaVM.framework/Frameworks/JavaRuntimeSupport.framework/JavaRuntimeSupport
0x000000011c320000 	/System/Library/Frameworks/JavaVM.framework/Versions/A/Frameworks/JavaNativeFoundation.framework/Versions/A/JavaNativeFoundation
0x000000011c335000 	/System/Library/Frameworks/JavaVM.framework/Versions/A/JavaVM
0x000000001671d000 	/System/Library/Frameworks/Carbon.framework/Versions/A/Carbon
0x00000001061f4000 	/System/Library/PrivateFrameworks/JavaLaunching.framework/Versions/A/JavaLaunching
0x000000001671d000 	/System/Library/Frameworks/Carbon.framework/Versions/A/Frameworks/CommonPanels.framework/Versions/A/CommonPanels
0x000000001671d000 	/System/Library/Frameworks/Carbon.framework/Versions/A/Frameworks/Help.framework/Versions/A/Help
0x000000001671d000 	/System/Library/Frameworks/Carbon.framework/Versions/A/Frameworks/ImageCapture.framework/Versions/A/ImageCapture
0x000000001671d000 	/System/Library/Frameworks/Carbon.framework/Versions/A/Frameworks/OpenScripting.framework/Versions/A/OpenScripting
0x000000001671d000 	/System/Library/Frameworks/Carbon.framework/Versions/A/Frameworks/Print.framework/Versions/A/Print
0x000000001671d000 	/System/Library/Frameworks/Carbon.framework/Versions/A/Frameworks/SecurityHI.framework/Versions/A/SecurityHI
0x000000011dc43000 	/Library/Java/JavaVirtualMachines/jdk1.8.0_121.jdk/Contents/Home/jre/lib/libawt.dylib
0x000000011dceb000 	/Library/Java/JavaVirtualMachines/jdk1.8.0_121.jdk/Contents/Home/jre/lib/./libmlib_image.dylib
0x000000011ddb7000 	/Library/Java/JavaVirtualMachines/jdk1.8.0_121.jdk/Contents/Home/jre/lib/libawt_lwawt.dylib
0x000000011de6e000 	/Library/Java/JavaVirtualMachines/jdk1.8.0_121.jdk/Contents/Home/jre/lib/./libosxapp.dylib
0x000000001671d000 	/System/Library/Frameworks/ExceptionHandling.framework/Versions/A/ExceptionHandling
0x000000001671d000 	/System/Library/PrivateFrameworks/CoreServicesInternal.framework/Versions/A/CoreServicesInternal
0x000000001671d000 	/System/Library/CoreServices/RawCamera.bundle/Contents/MacOS/RawCamera
0x000000001671d000 	/System/Library/Frameworks/Accelerate.framework/Versions/A/Frameworks/vImage.framework/Versions/A/Libraries/libCGInterfaces.dylib
0x000000001671d000 	/System/Library/Frameworks/ApplicationServices.framework/Versions/A/Frameworks/ATS.framework/Versions/A/Resources/libTrueTypeScaler.dylib
0x000000011fe98000 	/System/Library/Frameworks/OpenGL.framework/Resources/GLEngine.bundle/GLEngine
0x000000001671d000 	/System/Library/Frameworks/OpenGL.framework/Versions/A/Libraries/libGLProgrammability.dylib
0x000000012007d000 	/System/Library/Extensions/AppleIntelBDWGraphicsGLDriver.bundle/Contents/MacOS/AppleIntelBDWGraphicsGLDriver
0x000000001671d000 	/System/Library/PrivateFrameworks/GPUSupport.framework/Versions/A/Libraries/libGPUSupportMercury.dylib
0x00000001207e7000 	/System/Library/Frameworks/OpenGL.framework/Resources//GLRendererFloat.bundle/GLRendererFloat
0x000000001671d000 	/System/Library/Frameworks/OpenCL.framework/Versions/A/Libraries/libcldcpuengine.dylib
0x000000001671d000 	/usr/lib/libcrypto.0.9.8.dylib
0x000000001671d000 	/System/Library/PrivateFrameworks/TrustEvaluationAgent.framework/Versions/A/TrustEvaluationAgent
0x000000012081b000 	/System/Library/Extensions/AppleIntelBDWGraphicsMTLDriver.bundle/Contents/MacOS/AppleIntelBDWGraphicsMTLDriver
0x000000001671d000 	/System/Library/PrivateFrameworks/FamilyControls.framework/Versions/A/FamilyControls
0x000000001671d000 	/System/Library/PrivateFrameworks/CommerceKit.framework/Versions/A/Frameworks/CommerceCore.framework/Versions/A/CommerceCore
0x000000001671d000 	/System/Library/PrivateFrameworks/SystemAdministration.framework/Versions/A/SystemAdministration
0x000000001671d000 	/System/Library/PrivateFrameworks/AppContainer.framework/Versions/A/AppContainer
0x000000001671d000 	/System/Library/PrivateFrameworks/SecCodeWrapper.framework/Versions/A/SecCodeWrapper
0x000000001671d000 	/System/Library/Frameworks/DirectoryService.framework/Versions/A/DirectoryService
0x000000001671d000 	/System/Library/PrivateFrameworks/DiskImages.framework/Versions/A/DiskImages
0x000000001671d000 	/System/Library/PrivateFrameworks/LoginUIKit.framework/Versions/A/Frameworks/LoginUICore.framework/Versions/A/LoginUICore
0x000000001671d000 	/usr/lib/libCoreStorage.dylib
0x000000001671d000 	/usr/lib/libcsfde.dylib
0x000000001671d000 	/usr/lib/libodfde.dylib
0x000000001671d000 	/System/Library/Frameworks/DiscRecording.framework/Versions/A/DiscRecording
0x000000001671d000 	/usr/lib/libcurl.4.dylib
0x000000001671d000 	/System/Library/PrivateFrameworks/MediaKit.framework/Versions/A/MediaKit
0x000000001671d000 	/System/Library/PrivateFrameworks/ProtectedCloudStorage.framework/Versions/A/ProtectedCloudStorage
0x000000001671d000 	/System/Library/PrivateFrameworks/EFILogin.framework/Versions/A/EFILogin
0x000000001671d000 	/usr/lib/libutil.dylib
0x000000001671d000 	/System/Library/Frameworks/LDAP.framework/Versions/A/LDAP
0x000000001671d000 	/usr/lib/libsasl2.2.dylib
0x000000001671d000 	/System/Library/PrivateFrameworks/CoreDaemon.framework/Versions/B/CoreDaemon
0x000000001671d000 	/System/Library/PrivateFrameworks/AppleSRP.framework/Versions/A/AppleSRP
0x000000001671d000 	/System/Library/PrivateFrameworks/APFS.framework/Versions/A/APFS
0x0000000122cd8000 	/Library/Java/JavaVirtualMachines/jdk1.8.0_121.jdk/Contents/Home/jre/lib/libfontmanager.dylib
0x000000011fe86000 	/Library/Java/JavaVirtualMachines/jdk1.8.0_121.jdk/Contents/Home/jre/lib/libosxui.dylib
0x000000001671d000 	/System/Library/PrivateFrameworks/ViewBridge.framework/Versions/A/ViewBridge
0x000000001671d000 	/System/Library/PrivateFrameworks/XPCService.framework/Versions/A/XPCService
0x000000001671d000 	/System/Library/PrivateFrameworks/AppSandbox.framework/Versions/A/AppSandbox
0x000000001671d000 	/usr/lib/libsandbox.1.dylib
0x000000001671d000 	/usr/lib/libMatch.1.dylib
0x0000000128009000 	/Library/Java/JavaVirtualMachines/jdk1.8.0_121.jdk/Contents/Home/jre/lib/libnet.dylib
0x000000012908d000 	/Library/Java/JavaVirtualMachines/jdk1.8.0_121.jdk/Contents/Home/jre/lib/libnio.dylib

VM Arguments:
jvm_args: -Dfile.encoding=UTF-8 
java_command: main.Simulator
java_class_path (initial): /Users/lfernandes/Dropbox/tcc/dev/autonomous_car/bin:/Users/lfernandes/Dropbox/tcc/dev/autonomous_car/lib/3rdparty/junit-4.10.jar:/Users/lfernandes/Dropbox/tcc/dev/autonomous_car/lib/3rdparty/jpf.jar:/Users/lfernandes/Dropbox/tcc/dev/autonomous_car/lib/3rdparty/ev3classes.jar:/Users/lfernandes/Dropbox/tcc/dev/autonomous_car/lib/3rdparty/ev3tools.jar
Launcher Type: SUN_STANDARD

Environment Variables:
PATH=/usr/bin:/bin:/usr/sbin:/sbin
SHELL=/bin/bash

Signal Handlers:
SIGSEGV: [libjvm.dylib+0x5b1141], sa_mask[0]=11111111011111110111111111111111, sa_flags=SA_ONSTACK|SA_RESTART|SA_SIGINFO
SIGBUS: [libjvm.dylib+0x5b1141], sa_mask[0]=11111111011111110111111111111111, sa_flags=SA_RESTART|SA_SIGINFO
SIGFPE: [libjvm.dylib+0x487bc4], sa_mask[0]=11111111011111110111111111111111, sa_flags=SA_RESTART|SA_SIGINFO
SIGPIPE: [libjvm.dylib+0x487bc4], sa_mask[0]=11111111011111110111111111111111, sa_flags=SA_RESTART|SA_SIGINFO
SIGXFSZ: [libjvm.dylib+0x487bc4], sa_mask[0]=11111111011111110111111111111111, sa_flags=SA_RESTART|SA_SIGINFO
SIGILL: [libjvm.dylib+0x487bc4], sa_mask[0]=11111111011111110111111111111111, sa_flags=SA_RESTART|SA_SIGINFO
SIGUSR1: SIG_DFL, sa_mask[0]=00000000000000000000000000000000, sa_flags=none
SIGUSR2: [libjvm.dylib+0x4876e2], sa_mask[0]=00100000000000000000000000000000, sa_flags=SA_RESTART|SA_SIGINFO
SIGHUP: [libjvm.dylib+0x485cb9], sa_mask[0]=11111111011111110111111111111111, sa_flags=SA_RESTART|SA_SIGINFO
SIGINT: [libjvm.dylib+0x485cb9], sa_mask[0]=11111111011111110111111111111111, sa_flags=SA_RESTART|SA_SIGINFO
SIGTERM: [libjvm.dylib+0x485cb9], sa_mask[0]=11111111011111110111111111111111, sa_flags=SA_RESTART|SA_SIGINFO
SIGQUIT: [libjvm.dylib+0x485cb9], sa_mask[0]=11111111011111110111111111111111, sa_flags=SA_RESTART|SA_SIGINFO


---------------  S Y S T E M  ---------------

OS:Bsduname:Darwin 16.5.0 Darwin Kernel Version 16.5.0: Fri Mar  3 16:52:33 PST 2017; root:xnu-3789.51.2~3/RELEASE_X86_64 x86_64
rlimit: STACK 8192k, CORE 0k, NPROC 709, NOFILE 10240, AS infinity
load average:2.53 2.77 2.72

CPU:total 4 (2 cores per cpu, 2 threads per core) family 6 model 61 stepping 4, cmov, cx8, fxsr, mmx, sse, sse2, sse3, ssse3, sse4.1, sse4.2, popcnt, avx, avx2, aes, clmul, erms, 3dnowpref, lzcnt, ht, tsc, tscinvbit, bmi1, bmi2, adx

Memory: 4k page, physical 8388608k(23368k free)

/proc/meminfo:


vm_info: Java HotSpot(TM) 64-Bit Server VM (25.121-b13) for bsd-amd64 JRE (1.8.0_121-b13), built on Dec 12 2016 20:39:32 by "java_re" with gcc 4.2.1 (Based on Apple Inc. build 5658) (LLVM build 2336.11.00)

time: Sat May 13 20:17:31 2017
elapsed time: 22132 seconds (0d 6h 8m 52s)

